<html>
<head>
<title>TestNG:  Test in FF</title>
<link href="../testng.css" rel="stylesheet" type="text/css" />
<link href="../my-testng.css" rel="stylesheet" type="text/css" />

<style type="text/css">
.log { display: none;} 
.stack-trace { display: none;} 
</style>
<script type="text/javascript">
<!--
function flip(e) {
  current = e.style.display;
  if (current == 'block') {
    e.style.display = 'none';
    return 0;
  }
  else {
    e.style.display = 'block';
    return 1;
  }
}

function toggleBox(szDivId, elem, msg1, msg2)
{
  var res = -1;  if (document.getElementById) {
    res = flip(document.getElementById(szDivId));
  }
  else if (document.all) {
    // this is the way old msie versions work
    res = flip(document.all[szDivId]);
  }
  if(elem) {
    if(res == 0) elem.innerHTML = msg1; else elem.innerHTML = msg2;
  }

}

function toggleAllBoxes() {
  if (document.getElementsByTagName) {
    d = document.getElementsByTagName('div');
    for (i = 0; i < d.length; i++) {
      if (d[i].className == 'log') {
        flip(d[i]);
      }
    }
  }
}

// -->
</script>

</head>
<body>
<h2 align='center'>Test in FF</h2><table border='1' align="center">
<tr>
<td>Tests passed/Failed/Skipped:</td><td>0/10/0</td>
</tr><tr>
<td>Started on:</td><td>Sun Oct 05 12:57:40 IST 2014</td>
</tr>
<tr><td>Total time:</td><td>506 seconds (506464 ms)</td>
</tr><tr>
<td>Included groups:</td><td></td>
</tr><tr>
<td>Excluded groups:</td><td></td>
</tr>
</table><p/>
<small><i>(Hover the method name to see the test class name)</i></small><p/>
<table width='100%' border='1' class='invocation-failed'>
<tr><td colspan='4' align='center'><b>FAILED CONFIGURATIONS</b></td></tr>
<tr><td><b>Test method</b></td>
<td width="30%"><b>Exception</b></td>
<td width="10%"><b>Time (seconds)</b></td>
<td><b>Instance</b></td>
</tr>
<tr>
<td title='com.seleniumtests.test.ClubReg.closeBrowser()'><b>closeBrowser</b><br>Test class: com.seleniumtests.test.ClubReg<br>Parameters: [TestResult: DuplicateClubRegistrationUsingCSVFile STATUS:FAILURE METHOD:ClubReg.DuplicateClubRegistrationUsingCSVFile(com.seleniumtests.dataobject.BBRegistrationDataClub)[pri:0, instance:com.seleniumtests.test.ClubReg@6fe90d95]firstName: 19SepC<br></td>
<td><div><pre>org.apache.commons.io.FileExistsException: Destination &apos;C:\D\MySelWorkspaceBackups\seleniumtestsbb\screenshots\DuplicateClubRegistrationUsingCSVFile10-05-2014_13-07.png&apos; already exists
	at org.apache.commons.io.FileUtils.moveFile(FileUtils.java:2825)
	at com.seleniumtests.core.DriverFactory.closeBrowser(DriverFactory.java:100)
	at java.util.concurrent.ThreadPoolExecutor.runWorker(ThreadPoolExecutor.java:1145)
	at java.util.concurrent.ThreadPoolExecutor$Worker.run(ThreadPoolExecutor.java:615)
	at java.lang.Thread.run(Thread.java:745)
... Removed 18 stack frames</pre></div><a href='#' onClick='toggleBox("stack-trace548300129", this, "Click to show all stack frames", "Click to hide stack frames")'>Click to show all stack frames</a>
<div class='stack-trace' id='stack-trace548300129'><pre>org.apache.commons.io.FileExistsException: Destination 'C:\D\MySelWorkspaceBackups\seleniumtestsbb\screenshots\DuplicateClubRegistrationUsingCSVFile10-05-2014_13-07.png' already exists
	at org.apache.commons.io.FileUtils.moveFile(FileUtils.java:2825)
	at com.seleniumtests.core.DriverFactory.closeBrowser(DriverFactory.java:100)
	at sun.reflect.NativeMethodAccessorImpl.invoke0(Native Method)
	at sun.reflect.NativeMethodAccessorImpl.invoke(NativeMethodAccessorImpl.java:57)
	at sun.reflect.DelegatingMethodAccessorImpl.invoke(DelegatingMethodAccessorImpl.java:43)
	at java.lang.reflect.Method.invoke(Method.java:606)
	at org.testng.internal.MethodInvocationHelper.invokeMethod(MethodInvocationHelper.java:80)
	at org.testng.internal.Invoker.invokeConfigurationMethod(Invoker.java:543)
	at org.testng.internal.Invoker.invokeConfigurations(Invoker.java:212)
	at org.testng.internal.Invoker.invokeMethod(Invoker.java:772)
	at org.testng.internal.Invoker.invokeTestMethod(Invoker.java:883)
	at org.testng.internal.Invoker.invokeTestMethods(Invoker.java:1208)
	at org.testng.internal.TestMethodWorker.invokeTestMethods(TestMethodWorker.java:127)
	at org.testng.internal.TestMethodWorker.run(TestMethodWorker.java:111)
	at org.testng.TestRunner.privateRun(TestRunner.java:758)
	at org.testng.TestRunner.run(TestRunner.java:613)
	at org.testng.SuiteRunner.runTest(SuiteRunner.java:334)
	at org.testng.SuiteRunner.access$000(SuiteRunner.java:37)
	at org.testng.SuiteRunner$SuiteWorker.run(SuiteRunner.java:368)
	at org.testng.internal.thread.ThreadUtil$CountDownLatchedRunnable.run(ThreadUtil.java:165)
	at java.util.concurrent.ThreadPoolExecutor.runWorker(ThreadPoolExecutor.java:1145)
	at java.util.concurrent.ThreadPoolExecutor$Worker.run(ThreadPoolExecutor.java:615)
	at java.lang.Thread.run(Thread.java:745)
</pre></div></td>
<td>0</td>
<td>com.seleniumtests.test.ClubReg@6fe90d95</td></tr>
</table><p>
<table width='100%' border='1' class='invocation-failed'>
<tr><td colspan='4' align='center'><b>FAILED TESTS</b></td></tr>
<tr><td><b>Test method</b></td>
<td width="30%"><b>Exception</b></td>
<td width="10%"><b>Time (seconds)</b></td>
<td><b>Instance</b></td>
</tr>
<tr>
<td title='com.seleniumtests.test.ClubReg.DuplicateClubRegistrationUsingCSVFile()'><b>DuplicateClubRegistrationUsingCSVFile</b><br>Test class: com.seleniumtests.test.ClubReg<br>Parameters: com.seleniumtests.dataobject.BBRegistrationDataClub@47f643ba<br/>
<a href="#Output-1630035963" onClick='toggleBox("Output-1630035963", this, "Show output", "Hide output");'>Show output</a>

<a href="#Output-1630035963" onClick="toggleAllBoxes();">Show all outputs</a>
<div class='log' id="Output-1630035963">
firstName: 19SepC<br><br/>
lastName: club1<br><br/>
email: rj_190914_c1@mailinator.com<br><br/>
confirmEmail: rj_190914_c1@mailinator.com<br><br/>
password: 11111<br><br/>
confirmPassword: 11111<br><br/>
screenName: 19Sepclub1<br><br/>
dateOfBirth: 1978<br><br/>
phoneTextbox: 1111111111<br><br/>
shippingStreet1: 19SepC<br><br/>
shippingStreet2: club1<br><br/>
shippingCity: monttreal<br><br/>
shippingState: Quebec<br><br/>
shippingZip: h3b5l1<br><br/>
shippingCountry: Canada<br><br/>
ccFirstName: abc<br><br/>
ccLastName: xyz<br><br/>
ccType: Visa<br><br/>
ccNumber: 4222222222222<br><br/>
ccExp: 2021<br><br/>
ccCvv: 123<br><br/>
billingCB: true<br><br/>
coachReferral: false<br><br/>
coachReferral: <br><br/>
TnC: true<br><br/>
CASL: false<br><br/>
captchaText: 1111<br><br/>
Not Duplicate User<br><br/>
Invalid Entry for New User<br><br/>
Invalid Captcha<br><br/>
</div>
</td>
<td><div><pre>java.lang.AssertionError: java.lang.AssertionError: expected:&lt;true&gt; but was:&lt;false&gt;java.lang.AssertionError: expected:&lt;false&gt; but was:&lt;true&gt;java.lang.AssertionError: expected:&lt;false&gt; but was:&lt;true&gt;
	at com.thoughtworks.selenium.SeleneseTestBase.fail(SeleneseTestBase.java:391)
	at com.seleniumtests.core.CustomVerification.checkForVerificationErrors(CustomVerification.java:102)
	at com.seleniumtests.test.ClubReg.DuplicateClubRegistrationUsingCSVFile(ClubReg.java:99)
	at java.util.concurrent.ThreadPoolExecutor.runWorker(ThreadPoolExecutor.java:1145)
	at java.util.concurrent.ThreadPoolExecutor$Worker.run(ThreadPoolExecutor.java:615)
	at java.lang.Thread.run(Thread.java:745)
... Removed 16 stack frames</pre></div><a href='#' onClick='toggleBox("stack-trace1630035963", this, "Click to show all stack frames", "Click to hide stack frames")'>Click to show all stack frames</a>
<div class='stack-trace' id='stack-trace1630035963'><pre>java.lang.AssertionError: java.lang.AssertionError: expected:&lt;true&gt; but was:&lt;false&gt;java.lang.AssertionError: expected:&lt;false&gt; but was:&lt;true&gt;java.lang.AssertionError: expected:&lt;false&gt; but was:&lt;true&gt;
	at com.thoughtworks.selenium.SeleneseTestBase.fail(SeleneseTestBase.java:391)
	at com.seleniumtests.core.CustomVerification.checkForVerificationErrors(CustomVerification.java:102)
	at com.seleniumtests.test.ClubReg.DuplicateClubRegistrationUsingCSVFile(ClubReg.java:99)
	at sun.reflect.NativeMethodAccessorImpl.invoke0(Native Method)
	at sun.reflect.NativeMethodAccessorImpl.invoke(NativeMethodAccessorImpl.java:57)
	at sun.reflect.DelegatingMethodAccessorImpl.invoke(DelegatingMethodAccessorImpl.java:43)
	at java.lang.reflect.Method.invoke(Method.java:606)
	at org.testng.internal.MethodInvocationHelper.invokeMethod(MethodInvocationHelper.java:80)
	at org.testng.internal.Invoker.invokeMethod(Invoker.java:691)
	at org.testng.internal.Invoker.invokeTestMethod(Invoker.java:883)
	at org.testng.internal.Invoker.invokeTestMethods(Invoker.java:1208)
	at org.testng.internal.TestMethodWorker.invokeTestMethods(TestMethodWorker.java:127)
	at org.testng.internal.TestMethodWorker.run(TestMethodWorker.java:111)
	at org.testng.TestRunner.privateRun(TestRunner.java:758)
	at org.testng.TestRunner.run(TestRunner.java:613)
	at org.testng.SuiteRunner.runTest(SuiteRunner.java:334)
	at org.testng.SuiteRunner.access$000(SuiteRunner.java:37)
	at org.testng.SuiteRunner$SuiteWorker.run(SuiteRunner.java:368)
	at org.testng.internal.thread.ThreadUtil$CountDownLatchedRunnable.run(ThreadUtil.java:165)
	at java.util.concurrent.ThreadPoolExecutor.runWorker(ThreadPoolExecutor.java:1145)
	at java.util.concurrent.ThreadPoolExecutor$Worker.run(ThreadPoolExecutor.java:615)
	at java.lang.Thread.run(Thread.java:745)
</pre></div></td>
<td>45</td>
<td>com.seleniumtests.test.ClubReg@6fe90d95</td></tr>
<tr>
<td title='com.seleniumtests.test.ClubReg.DuplicateClubRegistrationUsingCSVFile()'><b>DuplicateClubRegistrationUsingCSVFile</b><br>Test class: com.seleniumtests.test.ClubReg<br>Parameters: com.seleniumtests.dataobject.BBRegistrationDataClub@51211f6d<br/>
<a href="#Output-88049825" onClick='toggleBox("Output-88049825", this, "Show output", "Hide output");'>Show output</a>

<a href="#Output-88049825" onClick="toggleAllBoxes();">Show all outputs</a>
<div class='log' id="Output-88049825">
firstName: 19SepC<br><br/>
lastName: <br><br/>
email: rj_190914_c2@mailinator.com<br><br/>
confirmEmail: rj_190914_c2@mailinator.com<br><br/>
password: 11111<br><br/>
confirmPassword: 11111<br><br/>
screenName: 19Sepclub2<br><br/>
dateOfBirth: 1978<br><br/>
phoneTextbox: 1111111111<br><br/>
shippingStreet1: 19SepC<br><br/>
shippingStreet2: club2<br><br/>
shippingCity: montreal<br><br/>
shippingState: Quebec<br><br/>
shippingZip: h3b5l1<br><br/>
shippingCountry: Canada<br><br/>
ccFirstName: abc<br><br/>
ccLastName: xyz<br><br/>
ccType: Visa<br><br/>
ccNumber: 4222222222222<br><br/>
ccExp: 2021<br><br/>
ccCvv: 123<br><br/>
billingCB: true<br><br/>
coachReferral: false<br><br/>
coachReferral: <br><br/>
TnC: true<br><br/>
CASL: false<br><br/>
captchaText: 1111<br><br/>
Not Duplicate User<br><br/>
Blank Entry for New user<br><br/>
Invalid Captcha<br><br/>
</div>
</td>
<td><div><pre>java.lang.AssertionError: java.lang.AssertionError: expected:&lt;true&gt; but was:&lt;false&gt;java.lang.AssertionError: expected:&lt;false&gt; but was:&lt;true&gt;java.lang.AssertionError: expected:&lt;false&gt; but was:&lt;true&gt;
	at com.thoughtworks.selenium.SeleneseTestBase.fail(SeleneseTestBase.java:391)
	at com.seleniumtests.core.CustomVerification.checkForVerificationErrors(CustomVerification.java:102)
	at com.seleniumtests.test.ClubReg.DuplicateClubRegistrationUsingCSVFile(ClubReg.java:99)
	at java.util.concurrent.ThreadPoolExecutor.runWorker(ThreadPoolExecutor.java:1145)
	at java.util.concurrent.ThreadPoolExecutor$Worker.run(ThreadPoolExecutor.java:615)
	at java.lang.Thread.run(Thread.java:745)
... Removed 16 stack frames</pre></div><a href='#' onClick='toggleBox("stack-trace88049825", this, "Click to show all stack frames", "Click to hide stack frames")'>Click to show all stack frames</a>
<div class='stack-trace' id='stack-trace88049825'><pre>java.lang.AssertionError: java.lang.AssertionError: expected:&lt;true&gt; but was:&lt;false&gt;java.lang.AssertionError: expected:&lt;false&gt; but was:&lt;true&gt;java.lang.AssertionError: expected:&lt;false&gt; but was:&lt;true&gt;
	at com.thoughtworks.selenium.SeleneseTestBase.fail(SeleneseTestBase.java:391)
	at com.seleniumtests.core.CustomVerification.checkForVerificationErrors(CustomVerification.java:102)
	at com.seleniumtests.test.ClubReg.DuplicateClubRegistrationUsingCSVFile(ClubReg.java:99)
	at sun.reflect.NativeMethodAccessorImpl.invoke0(Native Method)
	at sun.reflect.NativeMethodAccessorImpl.invoke(NativeMethodAccessorImpl.java:57)
	at sun.reflect.DelegatingMethodAccessorImpl.invoke(DelegatingMethodAccessorImpl.java:43)
	at java.lang.reflect.Method.invoke(Method.java:606)
	at org.testng.internal.MethodInvocationHelper.invokeMethod(MethodInvocationHelper.java:80)
	at org.testng.internal.Invoker.invokeMethod(Invoker.java:691)
	at org.testng.internal.Invoker.invokeTestMethod(Invoker.java:883)
	at org.testng.internal.Invoker.invokeTestMethods(Invoker.java:1208)
	at org.testng.internal.TestMethodWorker.invokeTestMethods(TestMethodWorker.java:127)
	at org.testng.internal.TestMethodWorker.run(TestMethodWorker.java:111)
	at org.testng.TestRunner.privateRun(TestRunner.java:758)
	at org.testng.TestRunner.run(TestRunner.java:613)
	at org.testng.SuiteRunner.runTest(SuiteRunner.java:334)
	at org.testng.SuiteRunner.access$000(SuiteRunner.java:37)
	at org.testng.SuiteRunner$SuiteWorker.run(SuiteRunner.java:368)
	at org.testng.internal.thread.ThreadUtil$CountDownLatchedRunnable.run(ThreadUtil.java:165)
	at java.util.concurrent.ThreadPoolExecutor.runWorker(ThreadPoolExecutor.java:1145)
	at java.util.concurrent.ThreadPoolExecutor$Worker.run(ThreadPoolExecutor.java:615)
	at java.lang.Thread.run(Thread.java:745)
</pre></div></td>
<td>38</td>
<td>com.seleniumtests.test.ClubReg@6fe90d95</td></tr>
<tr>
<td title='com.seleniumtests.test.ClubReg.DuplicateClubRegistrationUsingCSVFile()'><b>DuplicateClubRegistrationUsingCSVFile</b><br>Test class: com.seleniumtests.test.ClubReg<br>Parameters: com.seleniumtests.dataobject.BBRegistrationDataClub@1173447<br/>
<a href="#Output-1241551810" onClick='toggleBox("Output-1241551810", this, "Show output", "Hide output");'>Show output</a>

<a href="#Output-1241551810" onClick="toggleAllBoxes();">Show all outputs</a>
<div class='log' id="Output-1241551810">
firstName: 19SepC<br><br/>
lastName: club3<br><br/>
email: rj_190914_c3@mailinator.com<br><br/>
confirmEmail: rj_190914_c3@mailinator.com<br><br/>
password: 11111<br><br/>
confirmPassword: 11111<br><br/>
screenName: 19Sepclub3<br><br/>
dateOfBirth: 1978<br><br/>
phoneTextbox: 1111111111<br><br/>
shippingStreet1: 19SepC<br><br/>
shippingStreet2: club3<br><br/>
shippingCity: montreal<br><br/>
shippingState: Quebec<br><br/>
shippingZip: h3b5l1<br><br/>
shippingCountry: Canada<br><br/>
ccFirstName: abc<br><br/>
ccLastName: xyz<br><br/>
ccType: Visa<br><br/>
ccNumber: 4222222222222<br><br/>
ccExp: 2021<br><br/>
ccCvv: 123<br><br/>
billingCB: true<br><br/>
coachReferral: false<br><br/>
coachReferral: <br><br/>
TnC: true<br><br/>
CASL: false<br><br/>
captchaText: 1234<br><br/>
Not Duplicate User<br><br/>
Invalid Captcha<br><br/>
</div>
</td>
<td><div><pre>java.lang.AssertionError: java.lang.AssertionError: expected:&lt;true&gt; but was:&lt;false&gt;java.lang.AssertionError: expected:&lt;false&gt; but was:&lt;true&gt;
	at com.thoughtworks.selenium.SeleneseTestBase.fail(SeleneseTestBase.java:391)
	at com.seleniumtests.core.CustomVerification.checkForVerificationErrors(CustomVerification.java:102)
	at com.seleniumtests.test.ClubReg.DuplicateClubRegistrationUsingCSVFile(ClubReg.java:99)
	at java.util.concurrent.ThreadPoolExecutor.runWorker(ThreadPoolExecutor.java:1145)
	at java.util.concurrent.ThreadPoolExecutor$Worker.run(ThreadPoolExecutor.java:615)
	at java.lang.Thread.run(Thread.java:745)
... Removed 16 stack frames</pre></div><a href='#' onClick='toggleBox("stack-trace1241551810", this, "Click to show all stack frames", "Click to hide stack frames")'>Click to show all stack frames</a>
<div class='stack-trace' id='stack-trace1241551810'><pre>java.lang.AssertionError: java.lang.AssertionError: expected:&lt;true&gt; but was:&lt;false&gt;java.lang.AssertionError: expected:&lt;false&gt; but was:&lt;true&gt;
	at com.thoughtworks.selenium.SeleneseTestBase.fail(SeleneseTestBase.java:391)
	at com.seleniumtests.core.CustomVerification.checkForVerificationErrors(CustomVerification.java:102)
	at com.seleniumtests.test.ClubReg.DuplicateClubRegistrationUsingCSVFile(ClubReg.java:99)
	at sun.reflect.NativeMethodAccessorImpl.invoke0(Native Method)
	at sun.reflect.NativeMethodAccessorImpl.invoke(NativeMethodAccessorImpl.java:57)
	at sun.reflect.DelegatingMethodAccessorImpl.invoke(DelegatingMethodAccessorImpl.java:43)
	at java.lang.reflect.Method.invoke(Method.java:606)
	at org.testng.internal.MethodInvocationHelper.invokeMethod(MethodInvocationHelper.java:80)
	at org.testng.internal.Invoker.invokeMethod(Invoker.java:691)
	at org.testng.internal.Invoker.invokeTestMethod(Invoker.java:883)
	at org.testng.internal.Invoker.invokeTestMethods(Invoker.java:1208)
	at org.testng.internal.TestMethodWorker.invokeTestMethods(TestMethodWorker.java:127)
	at org.testng.internal.TestMethodWorker.run(TestMethodWorker.java:111)
	at org.testng.TestRunner.privateRun(TestRunner.java:758)
	at org.testng.TestRunner.run(TestRunner.java:613)
	at org.testng.SuiteRunner.runTest(SuiteRunner.java:334)
	at org.testng.SuiteRunner.access$000(SuiteRunner.java:37)
	at org.testng.SuiteRunner$SuiteWorker.run(SuiteRunner.java:368)
	at org.testng.internal.thread.ThreadUtil$CountDownLatchedRunnable.run(ThreadUtil.java:165)
	at java.util.concurrent.ThreadPoolExecutor.runWorker(ThreadPoolExecutor.java:1145)
	at java.util.concurrent.ThreadPoolExecutor$Worker.run(ThreadPoolExecutor.java:615)
	at java.lang.Thread.run(Thread.java:745)
</pre></div></td>
<td>37</td>
<td>com.seleniumtests.test.ClubReg@6fe90d95</td></tr>
<tr>
<td title='com.seleniumtests.test.ClubReg.DuplicateClubRegistrationUsingCSVFile()'><b>DuplicateClubRegistrationUsingCSVFile</b><br>Test class: com.seleniumtests.test.ClubReg<br>Parameters: com.seleniumtests.dataobject.BBRegistrationDataClub@6c2f06ab<br/>
<a href="#Output-1371887565" onClick='toggleBox("Output-1371887565", this, "Show output", "Hide output");'>Show output</a>

<a href="#Output-1371887565" onClick="toggleAllBoxes();">Show all outputs</a>
<div class='log' id="Output-1371887565">
firstName: 19SepC<br><br/>
lastName: club4<br><br/>
email: rj_190914_c4@mailinator.com<br><br/>
confirmEmail: rj_190914_c4@mailinator.com<br><br/>
password: 11111<br><br/>
confirmPassword: 11111<br><br/>
screenName: 19Sepclub4<br><br/>
dateOfBirth: 1978<br><br/>
phoneTextbox: 1111111111<br><br/>
shippingStreet1: 19SepC<br><br/>
shippingStreet2: club4<br><br/>
shippingCity: montreal<br><br/>
shippingState: Quebec<br><br/>
shippingZip: h3b5l1<br><br/>
shippingCountry: Canada<br><br/>
ccFirstName: abc<br><br/>
ccLastName: xyz<br><br/>
ccType: Visa<br><br/>
ccNumber: 4222222222222<br><br/>
ccExp: 2021<br><br/>
ccCvv: 123<br><br/>
billingCB: true<br><br/>
coachReferral: false<br><br/>
coachReferral: <br><br/>
TnC: true<br><br/>
CASL: false<br><br/>
captchaText: 1111<br><br/>
Not Duplicate User<br><br/>
Invalid Captcha<br><br/>
</div>
</td>
<td><div><pre>java.lang.AssertionError: java.lang.AssertionError: expected:&lt;true&gt; but was:&lt;false&gt;java.lang.AssertionError: expected:&lt;false&gt; but was:&lt;true&gt;
	at com.thoughtworks.selenium.SeleneseTestBase.fail(SeleneseTestBase.java:391)
	at com.seleniumtests.core.CustomVerification.checkForVerificationErrors(CustomVerification.java:102)
	at com.seleniumtests.test.ClubReg.DuplicateClubRegistrationUsingCSVFile(ClubReg.java:99)
	at java.util.concurrent.ThreadPoolExecutor.runWorker(ThreadPoolExecutor.java:1145)
	at java.util.concurrent.ThreadPoolExecutor$Worker.run(ThreadPoolExecutor.java:615)
	at java.lang.Thread.run(Thread.java:745)
... Removed 16 stack frames</pre></div><a href='#' onClick='toggleBox("stack-trace1371887565", this, "Click to show all stack frames", "Click to hide stack frames")'>Click to show all stack frames</a>
<div class='stack-trace' id='stack-trace1371887565'><pre>java.lang.AssertionError: java.lang.AssertionError: expected:&lt;true&gt; but was:&lt;false&gt;java.lang.AssertionError: expected:&lt;false&gt; but was:&lt;true&gt;
	at com.thoughtworks.selenium.SeleneseTestBase.fail(SeleneseTestBase.java:391)
	at com.seleniumtests.core.CustomVerification.checkForVerificationErrors(CustomVerification.java:102)
	at com.seleniumtests.test.ClubReg.DuplicateClubRegistrationUsingCSVFile(ClubReg.java:99)
	at sun.reflect.NativeMethodAccessorImpl.invoke0(Native Method)
	at sun.reflect.NativeMethodAccessorImpl.invoke(NativeMethodAccessorImpl.java:57)
	at sun.reflect.DelegatingMethodAccessorImpl.invoke(DelegatingMethodAccessorImpl.java:43)
	at java.lang.reflect.Method.invoke(Method.java:606)
	at org.testng.internal.MethodInvocationHelper.invokeMethod(MethodInvocationHelper.java:80)
	at org.testng.internal.Invoker.invokeMethod(Invoker.java:691)
	at org.testng.internal.Invoker.invokeTestMethod(Invoker.java:883)
	at org.testng.internal.Invoker.invokeTestMethods(Invoker.java:1208)
	at org.testng.internal.TestMethodWorker.invokeTestMethods(TestMethodWorker.java:127)
	at org.testng.internal.TestMethodWorker.run(TestMethodWorker.java:111)
	at org.testng.TestRunner.privateRun(TestRunner.java:758)
	at org.testng.TestRunner.run(TestRunner.java:613)
	at org.testng.SuiteRunner.runTest(SuiteRunner.java:334)
	at org.testng.SuiteRunner.access$000(SuiteRunner.java:37)
	at org.testng.SuiteRunner$SuiteWorker.run(SuiteRunner.java:368)
	at org.testng.internal.thread.ThreadUtil$CountDownLatchedRunnable.run(ThreadUtil.java:165)
	at java.util.concurrent.ThreadPoolExecutor.runWorker(ThreadPoolExecutor.java:1145)
	at java.util.concurrent.ThreadPoolExecutor$Worker.run(ThreadPoolExecutor.java:615)
	at java.lang.Thread.run(Thread.java:745)
</pre></div></td>
<td>39</td>
<td>com.seleniumtests.test.ClubReg@6fe90d95</td></tr>
<tr>
<td title='com.seleniumtests.test.ClubReg.DuplicateClubRegistrationUsingCSVFile()'><b>DuplicateClubRegistrationUsingCSVFile</b><br>Test class: com.seleniumtests.test.ClubReg<br>Parameters: com.seleniumtests.dataobject.BBRegistrationDataClub@50f4f640<br/>
<a href="#Output-1604382968" onClick='toggleBox("Output-1604382968", this, "Show output", "Hide output");'>Show output</a>

<a href="#Output-1604382968" onClick="toggleAllBoxes();">Show all outputs</a>
<div class='log' id="Output-1604382968">
firstName: 19SepC<br><br/>
lastName: club6<br><br/>
email: rj_190914_c6@mailinator.com<br><br/>
confirmEmail: rj_190914_c6@mailinator.com<br><br/>
password: 11111<br><br/>
confirmPassword: 11111<br><br/>
screenName: 19Sepclub6<br><br/>
dateOfBirth: 1978<br><br/>
phoneTextbox: 1111111111<br><br/>
shippingStreet1: 19SepC<br><br/>
shippingStreet2: club6<br><br/>
shippingCity: montreal<br><br/>
shippingState: Quebec<br><br/>
shippingZip: h3b5l1<br><br/>
shippingCountry: Canada<br><br/>
ccFirstName: abc<br><br/>
ccLastName: xyz<br><br/>
ccType: Visa<br><br/>
ccNumber: 4222222222222<br><br/>
ccExp: 2021<br><br/>
ccCvv: 123<br><br/>
billingCB: true<br><br/>
coachReferral: true<br><br/>
coachReferral: 994<br><br/>
TnC: true<br><br/>
CASL: true<br><br/>
captchaText: 1111<br><br/>
Not Duplicate User<br><br/>
Invalid Captcha<br><br/>
</div>
</td>
<td><div><pre>java.lang.AssertionError: java.lang.AssertionError: expected:&lt;true&gt; but was:&lt;false&gt;java.lang.AssertionError: expected:&lt;false&gt; but was:&lt;true&gt;
	at com.thoughtworks.selenium.SeleneseTestBase.fail(SeleneseTestBase.java:391)
	at com.seleniumtests.core.CustomVerification.checkForVerificationErrors(CustomVerification.java:102)
	at com.seleniumtests.test.ClubReg.DuplicateClubRegistrationUsingCSVFile(ClubReg.java:99)
	at java.util.concurrent.ThreadPoolExecutor.runWorker(ThreadPoolExecutor.java:1145)
	at java.util.concurrent.ThreadPoolExecutor$Worker.run(ThreadPoolExecutor.java:615)
	at java.lang.Thread.run(Thread.java:745)
... Removed 16 stack frames</pre></div><a href='#' onClick='toggleBox("stack-trace1604382968", this, "Click to show all stack frames", "Click to hide stack frames")'>Click to show all stack frames</a>
<div class='stack-trace' id='stack-trace1604382968'><pre>java.lang.AssertionError: java.lang.AssertionError: expected:&lt;true&gt; but was:&lt;false&gt;java.lang.AssertionError: expected:&lt;false&gt; but was:&lt;true&gt;
	at com.thoughtworks.selenium.SeleneseTestBase.fail(SeleneseTestBase.java:391)
	at com.seleniumtests.core.CustomVerification.checkForVerificationErrors(CustomVerification.java:102)
	at com.seleniumtests.test.ClubReg.DuplicateClubRegistrationUsingCSVFile(ClubReg.java:99)
	at sun.reflect.NativeMethodAccessorImpl.invoke0(Native Method)
	at sun.reflect.NativeMethodAccessorImpl.invoke(NativeMethodAccessorImpl.java:57)
	at sun.reflect.DelegatingMethodAccessorImpl.invoke(DelegatingMethodAccessorImpl.java:43)
	at java.lang.reflect.Method.invoke(Method.java:606)
	at org.testng.internal.MethodInvocationHelper.invokeMethod(MethodInvocationHelper.java:80)
	at org.testng.internal.Invoker.invokeMethod(Invoker.java:691)
	at org.testng.internal.Invoker.invokeTestMethod(Invoker.java:883)
	at org.testng.internal.Invoker.invokeTestMethods(Invoker.java:1208)
	at org.testng.internal.TestMethodWorker.invokeTestMethods(TestMethodWorker.java:127)
	at org.testng.internal.TestMethodWorker.run(TestMethodWorker.java:111)
	at org.testng.TestRunner.privateRun(TestRunner.java:758)
	at org.testng.TestRunner.run(TestRunner.java:613)
	at org.testng.SuiteRunner.runTest(SuiteRunner.java:334)
	at org.testng.SuiteRunner.access$000(SuiteRunner.java:37)
	at org.testng.SuiteRunner$SuiteWorker.run(SuiteRunner.java:368)
	at org.testng.internal.thread.ThreadUtil$CountDownLatchedRunnable.run(ThreadUtil.java:165)
	at java.util.concurrent.ThreadPoolExecutor.runWorker(ThreadPoolExecutor.java:1145)
	at java.util.concurrent.ThreadPoolExecutor$Worker.run(ThreadPoolExecutor.java:615)
	at java.lang.Thread.run(Thread.java:745)
</pre></div></td>
<td>53</td>
<td>com.seleniumtests.test.ClubReg@6fe90d95</td></tr>
<tr>
<td title='com.seleniumtests.test.ClubReg.newClubRegistrationUsingCSVFile()'><b>newClubRegistrationUsingCSVFile</b><br>Test class: com.seleniumtests.test.ClubReg<br>Parameters: com.seleniumtests.dataobject.BBRegistrationDataClub@1a8c6fdb<br/>
<a href="#Output-1805526421" onClick='toggleBox("Output-1805526421", this, "Show output", "Hide output");'>Show output</a>

<a href="#Output-1805526421" onClick="toggleAllBoxes();">Show all outputs</a>
<div class='log' id="Output-1805526421">
firstName: 19SepC<br><br/>
lastName: club1<br><br/>
email: rj_190914_c1@mailinator.com<br><br/>
confirmEmail: rj_190914_c1@mailinator.com<br><br/>
password: 11111<br><br/>
confirmPassword: 11111<br><br/>
screenName: 19Sepclub1<br><br/>
dateOfBirth: 1978<br><br/>
phoneTextbox: 1111111111<br><br/>
shippingStreet1: 19SepC<br><br/>
shippingStreet2: club1<br><br/>
shippingCity: monttreal<br><br/>
shippingState: Quebec<br><br/>
shippingZip: h3b5l1<br><br/>
shippingCountry: Canada<br><br/>
ccFirstName: abc<br><br/>
ccLastName: xyz<br><br/>
ccType: Visa<br><br/>
ccNumber: 4222222222222<br><br/>
ccExp: 2021<br><br/>
ccCvv: 123<br><br/>
billingCB: true<br><br/>
coachReferral: false<br><br/>
coachReferral: <br><br/>
TnC: true<br><br/>
CASL: false<br><br/>
captchaText: 1111<br><br/>
Invalid Entry<br><br/>
Invalid Captcha<br><br/>
Not Created Successfully<br><br/>
</div>
</td>
<td><div><pre>java.lang.AssertionError: java.lang.AssertionError: expected:&lt;false&gt; but was:&lt;true&gt;java.lang.AssertionError: expected:&lt;false&gt; but was:&lt;true&gt;java.lang.AssertionError: expected:&lt;true&gt; but was:&lt;false&gt;
	at com.thoughtworks.selenium.SeleneseTestBase.fail(SeleneseTestBase.java:391)
	at com.seleniumtests.core.CustomVerification.checkForVerificationErrors(CustomVerification.java:102)
	at com.seleniumtests.test.ClubReg.newClubRegistrationUsingCSVFile(ClubReg.java:61)
	at java.util.concurrent.ThreadPoolExecutor.runWorker(ThreadPoolExecutor.java:1145)
	at java.util.concurrent.ThreadPoolExecutor$Worker.run(ThreadPoolExecutor.java:615)
	at java.lang.Thread.run(Thread.java:745)
... Removed 16 stack frames</pre></div><a href='#' onClick='toggleBox("stack-trace1805526421", this, "Click to show all stack frames", "Click to hide stack frames")'>Click to show all stack frames</a>
<div class='stack-trace' id='stack-trace1805526421'><pre>java.lang.AssertionError: java.lang.AssertionError: expected:&lt;false&gt; but was:&lt;true&gt;java.lang.AssertionError: expected:&lt;false&gt; but was:&lt;true&gt;java.lang.AssertionError: expected:&lt;true&gt; but was:&lt;false&gt;
	at com.thoughtworks.selenium.SeleneseTestBase.fail(SeleneseTestBase.java:391)
	at com.seleniumtests.core.CustomVerification.checkForVerificationErrors(CustomVerification.java:102)
	at com.seleniumtests.test.ClubReg.newClubRegistrationUsingCSVFile(ClubReg.java:61)
	at sun.reflect.NativeMethodAccessorImpl.invoke0(Native Method)
	at sun.reflect.NativeMethodAccessorImpl.invoke(NativeMethodAccessorImpl.java:57)
	at sun.reflect.DelegatingMethodAccessorImpl.invoke(DelegatingMethodAccessorImpl.java:43)
	at java.lang.reflect.Method.invoke(Method.java:606)
	at org.testng.internal.MethodInvocationHelper.invokeMethod(MethodInvocationHelper.java:80)
	at org.testng.internal.Invoker.invokeMethod(Invoker.java:691)
	at org.testng.internal.Invoker.invokeTestMethod(Invoker.java:883)
	at org.testng.internal.Invoker.invokeTestMethods(Invoker.java:1208)
	at org.testng.internal.TestMethodWorker.invokeTestMethods(TestMethodWorker.java:127)
	at org.testng.internal.TestMethodWorker.run(TestMethodWorker.java:111)
	at org.testng.TestRunner.privateRun(TestRunner.java:758)
	at org.testng.TestRunner.run(TestRunner.java:613)
	at org.testng.SuiteRunner.runTest(SuiteRunner.java:334)
	at org.testng.SuiteRunner.access$000(SuiteRunner.java:37)
	at org.testng.SuiteRunner$SuiteWorker.run(SuiteRunner.java:368)
	at org.testng.internal.thread.ThreadUtil$CountDownLatchedRunnable.run(ThreadUtil.java:165)
	at java.util.concurrent.ThreadPoolExecutor.runWorker(ThreadPoolExecutor.java:1145)
	at java.util.concurrent.ThreadPoolExecutor$Worker.run(ThreadPoolExecutor.java:615)
	at java.lang.Thread.run(Thread.java:745)
</pre></div></td>
<td>42</td>
<td>com.seleniumtests.test.ClubReg@6fe90d95</td></tr>
<tr>
<td title='com.seleniumtests.test.ClubReg.newClubRegistrationUsingCSVFile()'><b>newClubRegistrationUsingCSVFile</b><br>Test class: com.seleniumtests.test.ClubReg<br>Parameters: com.seleniumtests.dataobject.BBRegistrationDataClub@41ce82b<br/>
<a href="#Output-766223698" onClick='toggleBox("Output-766223698", this, "Show output", "Hide output");'>Show output</a>

<a href="#Output-766223698" onClick="toggleAllBoxes();">Show all outputs</a>
<div class='log' id="Output-766223698">
firstName: 19SepC<br><br/>
lastName: <br><br/>
email: rj_190914_c2@mailinator.com<br><br/>
confirmEmail: rj_190914_c2@mailinator.com<br><br/>
password: 11111<br><br/>
confirmPassword: 11111<br><br/>
screenName: 19Sepclub2<br><br/>
dateOfBirth: 1978<br><br/>
phoneTextbox: 1111111111<br><br/>
shippingStreet1: 19SepC<br><br/>
shippingStreet2: club2<br><br/>
shippingCity: montreal<br><br/>
shippingState: Quebec<br><br/>
shippingZip: h3b5l1<br><br/>
shippingCountry: Canada<br><br/>
ccFirstName: abc<br><br/>
ccLastName: xyz<br><br/>
ccType: Visa<br><br/>
ccNumber: 4222222222222<br><br/>
ccExp: 2021<br><br/>
ccCvv: 123<br><br/>
billingCB: true<br><br/>
coachReferral: false<br><br/>
coachReferral: <br><br/>
TnC: true<br><br/>
CASL: false<br><br/>
captchaText: 1111<br><br/>
Blank Entry<br><br/>
Invalid Captcha<br><br/>
Not Created Successfully<br><br/>
</div>
</td>
<td><div><pre>java.lang.AssertionError: java.lang.AssertionError: expected:&lt;false&gt; but was:&lt;true&gt;java.lang.AssertionError: expected:&lt;false&gt; but was:&lt;true&gt;java.lang.AssertionError: expected:&lt;true&gt; but was:&lt;false&gt;
	at com.thoughtworks.selenium.SeleneseTestBase.fail(SeleneseTestBase.java:391)
	at com.seleniumtests.core.CustomVerification.checkForVerificationErrors(CustomVerification.java:102)
	at com.seleniumtests.test.ClubReg.newClubRegistrationUsingCSVFile(ClubReg.java:61)
	at java.util.concurrent.ThreadPoolExecutor.runWorker(ThreadPoolExecutor.java:1145)
	at java.util.concurrent.ThreadPoolExecutor$Worker.run(ThreadPoolExecutor.java:615)
	at java.lang.Thread.run(Thread.java:745)
... Removed 16 stack frames</pre></div><a href='#' onClick='toggleBox("stack-trace766223698", this, "Click to show all stack frames", "Click to hide stack frames")'>Click to show all stack frames</a>
<div class='stack-trace' id='stack-trace766223698'><pre>java.lang.AssertionError: java.lang.AssertionError: expected:&lt;false&gt; but was:&lt;true&gt;java.lang.AssertionError: expected:&lt;false&gt; but was:&lt;true&gt;java.lang.AssertionError: expected:&lt;true&gt; but was:&lt;false&gt;
	at com.thoughtworks.selenium.SeleneseTestBase.fail(SeleneseTestBase.java:391)
	at com.seleniumtests.core.CustomVerification.checkForVerificationErrors(CustomVerification.java:102)
	at com.seleniumtests.test.ClubReg.newClubRegistrationUsingCSVFile(ClubReg.java:61)
	at sun.reflect.NativeMethodAccessorImpl.invoke0(Native Method)
	at sun.reflect.NativeMethodAccessorImpl.invoke(NativeMethodAccessorImpl.java:57)
	at sun.reflect.DelegatingMethodAccessorImpl.invoke(DelegatingMethodAccessorImpl.java:43)
	at java.lang.reflect.Method.invoke(Method.java:606)
	at org.testng.internal.MethodInvocationHelper.invokeMethod(MethodInvocationHelper.java:80)
	at org.testng.internal.Invoker.invokeMethod(Invoker.java:691)
	at org.testng.internal.Invoker.invokeTestMethod(Invoker.java:883)
	at org.testng.internal.Invoker.invokeTestMethods(Invoker.java:1208)
	at org.testng.internal.TestMethodWorker.invokeTestMethods(TestMethodWorker.java:127)
	at org.testng.internal.TestMethodWorker.run(TestMethodWorker.java:111)
	at org.testng.TestRunner.privateRun(TestRunner.java:758)
	at org.testng.TestRunner.run(TestRunner.java:613)
	at org.testng.SuiteRunner.runTest(SuiteRunner.java:334)
	at org.testng.SuiteRunner.access$000(SuiteRunner.java:37)
	at org.testng.SuiteRunner$SuiteWorker.run(SuiteRunner.java:368)
	at org.testng.internal.thread.ThreadUtil$CountDownLatchedRunnable.run(ThreadUtil.java:165)
	at java.util.concurrent.ThreadPoolExecutor.runWorker(ThreadPoolExecutor.java:1145)
	at java.util.concurrent.ThreadPoolExecutor$Worker.run(ThreadPoolExecutor.java:615)
	at java.lang.Thread.run(Thread.java:745)
</pre></div></td>
<td>39</td>
<td>com.seleniumtests.test.ClubReg@6fe90d95</td></tr>
<tr>
<td title='com.seleniumtests.test.ClubReg.newClubRegistrationUsingCSVFile()'><b>newClubRegistrationUsingCSVFile</b><br>Test class: com.seleniumtests.test.ClubReg<br>Parameters: com.seleniumtests.dataobject.BBRegistrationDataClub@304ccdb9<br/>
<a href="#Output-1695846316" onClick='toggleBox("Output-1695846316", this, "Show output", "Hide output");'>Show output</a>

<a href="#Output-1695846316" onClick="toggleAllBoxes();">Show all outputs</a>
<div class='log' id="Output-1695846316">
firstName: 19SepC<br><br/>
lastName: club3<br><br/>
email: rj_190914_c3@mailinator.com<br><br/>
confirmEmail: rj_190914_c3@mailinator.com<br><br/>
password: 11111<br><br/>
confirmPassword: 11111<br><br/>
screenName: 19Sepclub3<br><br/>
dateOfBirth: 1978<br><br/>
phoneTextbox: 1111111111<br><br/>
shippingStreet1: 19SepC<br><br/>
shippingStreet2: club3<br><br/>
shippingCity: montreal<br><br/>
shippingState: Quebec<br><br/>
shippingZip: h3b5l1<br><br/>
shippingCountry: Canada<br><br/>
ccFirstName: abc<br><br/>
ccLastName: xyz<br><br/>
ccType: Visa<br><br/>
ccNumber: 4222222222222<br><br/>
ccExp: 2021<br><br/>
ccCvv: 123<br><br/>
billingCB: true<br><br/>
coachReferral: false<br><br/>
coachReferral: <br><br/>
TnC: true<br><br/>
CASL: false<br><br/>
captchaText: 1234<br><br/>
Invalid Captcha<br><br/>
Not Created Successfully<br><br/>
</div>
</td>
<td><div><pre>java.lang.AssertionError: java.lang.AssertionError: expected:&lt;false&gt; but was:&lt;true&gt;java.lang.AssertionError: expected:&lt;true&gt; but was:&lt;false&gt;
	at com.thoughtworks.selenium.SeleneseTestBase.fail(SeleneseTestBase.java:391)
	at com.seleniumtests.core.CustomVerification.checkForVerificationErrors(CustomVerification.java:102)
	at com.seleniumtests.test.ClubReg.newClubRegistrationUsingCSVFile(ClubReg.java:61)
	at java.util.concurrent.ThreadPoolExecutor.runWorker(ThreadPoolExecutor.java:1145)
	at java.util.concurrent.ThreadPoolExecutor$Worker.run(ThreadPoolExecutor.java:615)
	at java.lang.Thread.run(Thread.java:745)
... Removed 16 stack frames</pre></div><a href='#' onClick='toggleBox("stack-trace1695846316", this, "Click to show all stack frames", "Click to hide stack frames")'>Click to show all stack frames</a>
<div class='stack-trace' id='stack-trace1695846316'><pre>java.lang.AssertionError: java.lang.AssertionError: expected:&lt;false&gt; but was:&lt;true&gt;java.lang.AssertionError: expected:&lt;true&gt; but was:&lt;false&gt;
	at com.thoughtworks.selenium.SeleneseTestBase.fail(SeleneseTestBase.java:391)
	at com.seleniumtests.core.CustomVerification.checkForVerificationErrors(CustomVerification.java:102)
	at com.seleniumtests.test.ClubReg.newClubRegistrationUsingCSVFile(ClubReg.java:61)
	at sun.reflect.NativeMethodAccessorImpl.invoke0(Native Method)
	at sun.reflect.NativeMethodAccessorImpl.invoke(NativeMethodAccessorImpl.java:57)
	at sun.reflect.DelegatingMethodAccessorImpl.invoke(DelegatingMethodAccessorImpl.java:43)
	at java.lang.reflect.Method.invoke(Method.java:606)
	at org.testng.internal.MethodInvocationHelper.invokeMethod(MethodInvocationHelper.java:80)
	at org.testng.internal.Invoker.invokeMethod(Invoker.java:691)
	at org.testng.internal.Invoker.invokeTestMethod(Invoker.java:883)
	at org.testng.internal.Invoker.invokeTestMethods(Invoker.java:1208)
	at org.testng.internal.TestMethodWorker.invokeTestMethods(TestMethodWorker.java:127)
	at org.testng.internal.TestMethodWorker.run(TestMethodWorker.java:111)
	at org.testng.TestRunner.privateRun(TestRunner.java:758)
	at org.testng.TestRunner.run(TestRunner.java:613)
	at org.testng.SuiteRunner.runTest(SuiteRunner.java:334)
	at org.testng.SuiteRunner.access$000(SuiteRunner.java:37)
	at org.testng.SuiteRunner$SuiteWorker.run(SuiteRunner.java:368)
	at org.testng.internal.thread.ThreadUtil$CountDownLatchedRunnable.run(ThreadUtil.java:165)
	at java.util.concurrent.ThreadPoolExecutor.runWorker(ThreadPoolExecutor.java:1145)
	at java.util.concurrent.ThreadPoolExecutor$Worker.run(ThreadPoolExecutor.java:615)
	at java.lang.Thread.run(Thread.java:745)
</pre></div></td>
<td>40</td>
<td>com.seleniumtests.test.ClubReg@6fe90d95</td></tr>
<tr>
<td title='com.seleniumtests.test.ClubReg.newClubRegistrationUsingCSVFile()'><b>newClubRegistrationUsingCSVFile</b><br>Test class: com.seleniumtests.test.ClubReg<br>Parameters: com.seleniumtests.dataobject.BBRegistrationDataClub@6dea0585<br/>
<a href="#Output-1607487441" onClick='toggleBox("Output-1607487441", this, "Show output", "Hide output");'>Show output</a>

<a href="#Output-1607487441" onClick="toggleAllBoxes();">Show all outputs</a>
<div class='log' id="Output-1607487441">
firstName: 19SepC<br><br/>
lastName: club4<br><br/>
email: rj_190914_c4@mailinator.com<br><br/>
confirmEmail: rj_190914_c4@mailinator.com<br><br/>
password: 11111<br><br/>
confirmPassword: 11111<br><br/>
screenName: 19Sepclub4<br><br/>
dateOfBirth: 1978<br><br/>
phoneTextbox: 1111111111<br><br/>
shippingStreet1: 19SepC<br><br/>
shippingStreet2: club4<br><br/>
shippingCity: montreal<br><br/>
shippingState: Quebec<br><br/>
shippingZip: h3b5l1<br><br/>
shippingCountry: Canada<br><br/>
ccFirstName: abc<br><br/>
ccLastName: xyz<br><br/>
ccType: Visa<br><br/>
ccNumber: 4222222222222<br><br/>
ccExp: 2021<br><br/>
ccCvv: 123<br><br/>
billingCB: true<br><br/>
coachReferral: false<br><br/>
coachReferral: <br><br/>
TnC: true<br><br/>
CASL: false<br><br/>
captchaText: 1111<br><br/>
Invalid Captcha<br><br/>
Not Created Successfully<br><br/>
</div>
</td>
<td><div><pre>java.lang.AssertionError: java.lang.AssertionError: expected:&lt;false&gt; but was:&lt;true&gt;java.lang.AssertionError: expected:&lt;true&gt; but was:&lt;false&gt;
	at com.thoughtworks.selenium.SeleneseTestBase.fail(SeleneseTestBase.java:391)
	at com.seleniumtests.core.CustomVerification.checkForVerificationErrors(CustomVerification.java:102)
	at com.seleniumtests.test.ClubReg.newClubRegistrationUsingCSVFile(ClubReg.java:61)
	at java.util.concurrent.ThreadPoolExecutor.runWorker(ThreadPoolExecutor.java:1145)
	at java.util.concurrent.ThreadPoolExecutor$Worker.run(ThreadPoolExecutor.java:615)
	at java.lang.Thread.run(Thread.java:745)
... Removed 16 stack frames</pre></div><a href='#' onClick='toggleBox("stack-trace1607487441", this, "Click to show all stack frames", "Click to hide stack frames")'>Click to show all stack frames</a>
<div class='stack-trace' id='stack-trace1607487441'><pre>java.lang.AssertionError: java.lang.AssertionError: expected:&lt;false&gt; but was:&lt;true&gt;java.lang.AssertionError: expected:&lt;true&gt; but was:&lt;false&gt;
	at com.thoughtworks.selenium.SeleneseTestBase.fail(SeleneseTestBase.java:391)
	at com.seleniumtests.core.CustomVerification.checkForVerificationErrors(CustomVerification.java:102)
	at com.seleniumtests.test.ClubReg.newClubRegistrationUsingCSVFile(ClubReg.java:61)
	at sun.reflect.NativeMethodAccessorImpl.invoke0(Native Method)
	at sun.reflect.NativeMethodAccessorImpl.invoke(NativeMethodAccessorImpl.java:57)
	at sun.reflect.DelegatingMethodAccessorImpl.invoke(DelegatingMethodAccessorImpl.java:43)
	at java.lang.reflect.Method.invoke(Method.java:606)
	at org.testng.internal.MethodInvocationHelper.invokeMethod(MethodInvocationHelper.java:80)
	at org.testng.internal.Invoker.invokeMethod(Invoker.java:691)
	at org.testng.internal.Invoker.invokeTestMethod(Invoker.java:883)
	at org.testng.internal.Invoker.invokeTestMethods(Invoker.java:1208)
	at org.testng.internal.TestMethodWorker.invokeTestMethods(TestMethodWorker.java:127)
	at org.testng.internal.TestMethodWorker.run(TestMethodWorker.java:111)
	at org.testng.TestRunner.privateRun(TestRunner.java:758)
	at org.testng.TestRunner.run(TestRunner.java:613)
	at org.testng.SuiteRunner.runTest(SuiteRunner.java:334)
	at org.testng.SuiteRunner.access$000(SuiteRunner.java:37)
	at org.testng.SuiteRunner$SuiteWorker.run(SuiteRunner.java:368)
	at org.testng.internal.thread.ThreadUtil$CountDownLatchedRunnable.run(ThreadUtil.java:165)
	at java.util.concurrent.ThreadPoolExecutor.runWorker(ThreadPoolExecutor.java:1145)
	at java.util.concurrent.ThreadPoolExecutor$Worker.run(ThreadPoolExecutor.java:615)
	at java.lang.Thread.run(Thread.java:745)
</pre></div></td>
<td>42</td>
<td>com.seleniumtests.test.ClubReg@6fe90d95</td></tr>
<tr>
<td title='com.seleniumtests.test.ClubReg.newClubRegistrationUsingCSVFile()'><b>newClubRegistrationUsingCSVFile</b><br>Test class: com.seleniumtests.test.ClubReg<br>Parameters: com.seleniumtests.dataobject.BBRegistrationDataClub@7a328ac3<br/>
<a href="#Output-1582565014" onClick='toggleBox("Output-1582565014", this, "Show output", "Hide output");'>Show output</a>

<a href="#Output-1582565014" onClick="toggleAllBoxes();">Show all outputs</a>
<div class='log' id="Output-1582565014">
firstName: 19SepC<br><br/>
lastName: club5<br><br/>
email: rj_190914_c5@mailinator.com<br><br/>
confirmEmail: rj_190914_c5@mailinator.com<br><br/>
password: 11111<br><br/>
confirmPassword: 11111<br><br/>
screenName: 19Sepclub5<br><br/>
dateOfBirth: 1978<br><br/>
phoneTextbox: 1111111111<br><br/>
shippingStreet1: 19SepC<br><br/>
shippingStreet2: club5<br><br/>
shippingCity: montreal<br><br/>
shippingState: Quebec<br><br/>
shippingZip: h3b5l1<br><br/>
shippingCountry: Canada<br><br/>
ccFirstName: abc<br><br/>
ccLastName: xyz<br><br/>
ccType: Visa<br><br/>
ccNumber: 4222222222222<br><br/>
ccExp: 2021<br><br/>
ccCvv: 123<br><br/>
billingCB: true<br><br/>
coachReferral: true<br><br/>
coachReferral: 994<br><br/>
TnC: true<br><br/>
CASL: true<br><br/>
captchaText: 1111<br><br/>
Invalid Captcha<br><br/>
Not Created Successfully<br><br/>
</div>
</td>
<td><div><pre>java.lang.AssertionError: java.lang.AssertionError: expected:&lt;false&gt; but was:&lt;true&gt;java.lang.AssertionError: expected:&lt;true&gt; but was:&lt;false&gt;
	at com.thoughtworks.selenium.SeleneseTestBase.fail(SeleneseTestBase.java:391)
	at com.seleniumtests.core.CustomVerification.checkForVerificationErrors(CustomVerification.java:102)
	at com.seleniumtests.test.ClubReg.newClubRegistrationUsingCSVFile(ClubReg.java:61)
	at java.util.concurrent.ThreadPoolExecutor.runWorker(ThreadPoolExecutor.java:1145)
	at java.util.concurrent.ThreadPoolExecutor$Worker.run(ThreadPoolExecutor.java:615)
	at java.lang.Thread.run(Thread.java:745)
... Removed 16 stack frames</pre></div><a href='#' onClick='toggleBox("stack-trace1582565014", this, "Click to show all stack frames", "Click to hide stack frames")'>Click to show all stack frames</a>
<div class='stack-trace' id='stack-trace1582565014'><pre>java.lang.AssertionError: java.lang.AssertionError: expected:&lt;false&gt; but was:&lt;true&gt;java.lang.AssertionError: expected:&lt;true&gt; but was:&lt;false&gt;
	at com.thoughtworks.selenium.SeleneseTestBase.fail(SeleneseTestBase.java:391)
	at com.seleniumtests.core.CustomVerification.checkForVerificationErrors(CustomVerification.java:102)
	at com.seleniumtests.test.ClubReg.newClubRegistrationUsingCSVFile(ClubReg.java:61)
	at sun.reflect.NativeMethodAccessorImpl.invoke0(Native Method)
	at sun.reflect.NativeMethodAccessorImpl.invoke(NativeMethodAccessorImpl.java:57)
	at sun.reflect.DelegatingMethodAccessorImpl.invoke(DelegatingMethodAccessorImpl.java:43)
	at java.lang.reflect.Method.invoke(Method.java:606)
	at org.testng.internal.MethodInvocationHelper.invokeMethod(MethodInvocationHelper.java:80)
	at org.testng.internal.Invoker.invokeMethod(Invoker.java:691)
	at org.testng.internal.Invoker.invokeTestMethod(Invoker.java:883)
	at org.testng.internal.Invoker.invokeTestMethods(Invoker.java:1208)
	at org.testng.internal.TestMethodWorker.invokeTestMethods(TestMethodWorker.java:127)
	at org.testng.internal.TestMethodWorker.run(TestMethodWorker.java:111)
	at org.testng.TestRunner.privateRun(TestRunner.java:758)
	at org.testng.TestRunner.run(TestRunner.java:613)
	at org.testng.SuiteRunner.runTest(SuiteRunner.java:334)
	at org.testng.SuiteRunner.access$000(SuiteRunner.java:37)
	at org.testng.SuiteRunner$SuiteWorker.run(SuiteRunner.java:368)
	at org.testng.internal.thread.ThreadUtil$CountDownLatchedRunnable.run(ThreadUtil.java:165)
	at java.util.concurrent.ThreadPoolExecutor.runWorker(ThreadPoolExecutor.java:1145)
	at java.util.concurrent.ThreadPoolExecutor$Worker.run(ThreadPoolExecutor.java:615)
	at java.lang.Thread.run(Thread.java:745)
</pre></div></td>
<td>50</td>
<td>com.seleniumtests.test.ClubReg@6fe90d95</td></tr>
</table><p>
</body>
</html>