<html>
<head>
<title>TestNG:  Test in Chrome</title>
<link href="../testng.css" rel="stylesheet" type="text/css" />
<link href="../my-testng.css" rel="stylesheet" type="text/css" />

<style type="text/css">
.log { display: none;} 
.stack-trace { display: none;} 
</style>
<script type="text/javascript">
<!--
function flip(e) {
  current = e.style.display;
  if (current == 'block') {
    e.style.display = 'none';
    return 0;
  }
  else {
    e.style.display = 'block';
    return 1;
  }
}

function toggleBox(szDivId, elem, msg1, msg2)
{
  var res = -1;  if (document.getElementById) {
    res = flip(document.getElementById(szDivId));
  }
  else if (document.all) {
    // this is the way old msie versions work
    res = flip(document.all[szDivId]);
  }
  if(elem) {
    if(res == 0) elem.innerHTML = msg1; else elem.innerHTML = msg2;
  }

}

function toggleAllBoxes() {
  if (document.getElementsByTagName) {
    d = document.getElementsByTagName('div');
    for (i = 0; i < d.length; i++) {
      if (d[i].className == 'log') {
        flip(d[i]);
      }
    }
  }
}

// -->
</script>

</head>
<body>
<h2 align='center'>Test in Chrome</h2><table border='1' align="center">
<tr>
<td>Tests passed/Failed/Skipped:</td><td>0/1/9</td>
</tr><tr>
<td>Started on:</td><td>Sat Sep 20 02:09:12 IST 2014</td>
</tr>
<tr><td>Total time:</td><td>9 seconds (9807 ms)</td>
</tr><tr>
<td>Included groups:</td><td></td>
</tr><tr>
<td>Excluded groups:</td><td></td>
</tr>
</table><p/>
<small><i>(Hover the method name to see the test class name)</i></small><p/>
<table width='100%' border='1' class='invocation-failed'>
<tr><td colspan='4' align='center'><b>FAILED CONFIGURATIONS</b></td></tr>
<tr><td><b>Test method</b></td>
<td width="30%"><b>Exception</b></td>
<td width="10%"><b>Time (seconds)</b></td>
<td><b>Instance</b></td>
</tr>
<tr>
<td title='com.seleniumtests.test.ClubReg.closeBrowser()'><b>closeBrowser</b><br>Test class: com.seleniumtests.test.ClubReg<br>Parameters: [TestResult: newClubRegistrationUsingCSVFile STATUS:FAILURE METHOD:ClubReg.newClubRegistrationUsingCSVFile(com.seleniumtests.dataobject.BBRegistrationDataClub)[pri:0, instance:com.seleniumtests.test.ClubReg@5fa34e31]]
<br/>
<a href="#Output-1659473103" onClick='toggleBox("Output-1659473103", this, "Show output", "Hide output");'>Show output</a>

<a href="#Output-1659473103" onClick="toggleAllBoxes();">Show all outputs</a>
<div class='log' id="Output-1659473103">
readind data from list<br/>
readind data from list<br/>
readind data from list<br/>
readind data from list<br/>
readind data from list<br/>
</div>
</td>
<td><div><pre>org.openqa.selenium.NoSuchWindowException: no such window: target window already closed
from unknown error: web view not found
  (Session info: chrome=37.0.2062.120)
  (Driver info: chromedriver=2.10.267521,platform=Windows NT 6.1 x86_64) (WARNING: The server did not provide any stacktrace information)
Command duration or timeout: 4 milliseconds
Build info: version: &apos;2.43.0&apos;, revision: &apos;accb3003b9fb8f7cae30f9669b4c594a065396a6&apos;, time: &apos;2014-09-09 22:22:51&apos;
System info: host: &apos;RJINDAL&apos;, ip: &apos;192.168.207.122&apos;, os.name: &apos;Windows 7&apos;, os.arch: &apos;amd64&apos;, os.version: &apos;6.1&apos;, java.version: &apos;1.7.0_67&apos;
Session ID: 0da2e3da1a66993a98b6789cdf4f1ca7
Driver info: org.openqa.selenium.chrome.ChromeDriver
Capabilities [{platform=XP, acceptSslCerts=true, javascriptEnabled=true, browserName=chrome, chrome={userDataDir=C:\Users\Ravi\AppData\Local\Temp\scoped_dir5580_14767}, rotatable=false, locationContextEnabled=true, version=37.0.2062.120, takesHeapSnapshot=true, cssSelectorsEnabled=true, databaseEnabled=false, handlesAlerts=true, browserConnectionEnabled=false, nativeEvents=true, webStorageEnabled=true, applicationCacheEnabled=false, takesScreenshot=true}]
	at org.openqa.selenium.remote.ErrorHandler.createThrowable(ErrorHandler.java:204)
	at org.openqa.selenium.remote.ErrorHandler.throwIfResponseFailed(ErrorHandler.java:156)
	at org.openqa.selenium.remote.RemoteWebDriver.execute(RemoteWebDriver.java:599)
	at org.openqa.selenium.remote.RemoteWebDriver.execute(RemoteWebDriver.java:614)
	at org.openqa.selenium.remote.RemoteWebDriver.getScreenshotAs(RemoteWebDriver.java:324)
	at com.seleniumtests.core.DriverFactory.closeBrowser(DriverFactory.java:95)
	at java.util.concurrent.ThreadPoolExecutor.runWorker(Unknown Source)
	at java.util.concurrent.ThreadPoolExecutor$Worker.run(Unknown Source)
	at java.lang.Thread.run(Unknown Source)
... Removed 22 stack frames</pre></div><a href='#' onClick='toggleBox("stack-trace1659473103", this, "Click to show all stack frames", "Click to hide stack frames")'>Click to show all stack frames</a>
<div class='stack-trace' id='stack-trace1659473103'><pre>org.openqa.selenium.NoSuchWindowException: no such window: target window already closed
from unknown error: web view not found
  (Session info: chrome=37.0.2062.120)
  (Driver info: chromedriver=2.10.267521,platform=Windows NT 6.1 x86_64) (WARNING: The server did not provide any stacktrace information)
Command duration or timeout: 4 milliseconds
Build info: version: '2.43.0', revision: 'accb3003b9fb8f7cae30f9669b4c594a065396a6', time: '2014-09-09 22:22:51'
System info: host: 'RJINDAL', ip: '192.168.207.122', os.name: 'Windows 7', os.arch: 'amd64', os.version: '6.1', java.version: '1.7.0_67'
Session ID: 0da2e3da1a66993a98b6789cdf4f1ca7
Driver info: org.openqa.selenium.chrome.ChromeDriver
Capabilities [{platform=XP, acceptSslCerts=true, javascriptEnabled=true, browserName=chrome, chrome={userDataDir=C:\Users\Ravi\AppData\Local\Temp\scoped_dir5580_14767}, rotatable=false, locationContextEnabled=true, version=37.0.2062.120, takesHeapSnapshot=true, cssSelectorsEnabled=true, databaseEnabled=false, handlesAlerts=true, browserConnectionEnabled=false, nativeEvents=true, webStorageEnabled=true, applicationCacheEnabled=false, takesScreenshot=true}]
	at sun.reflect.NativeConstructorAccessorImpl.newInstance0(Native Method)
	at sun.reflect.NativeConstructorAccessorImpl.newInstance(Unknown Source)
	at sun.reflect.DelegatingConstructorAccessorImpl.newInstance(Unknown Source)
	at java.lang.reflect.Constructor.newInstance(Unknown Source)
	at org.openqa.selenium.remote.ErrorHandler.createThrowable(ErrorHandler.java:204)
	at org.openqa.selenium.remote.ErrorHandler.throwIfResponseFailed(ErrorHandler.java:156)
	at org.openqa.selenium.remote.RemoteWebDriver.execute(RemoteWebDriver.java:599)
	at org.openqa.selenium.remote.RemoteWebDriver.execute(RemoteWebDriver.java:614)
	at org.openqa.selenium.remote.RemoteWebDriver.getScreenshotAs(RemoteWebDriver.java:324)
	at com.seleniumtests.core.DriverFactory.closeBrowser(DriverFactory.java:95)
	at sun.reflect.NativeMethodAccessorImpl.invoke0(Native Method)
	at sun.reflect.NativeMethodAccessorImpl.invoke(Unknown Source)
	at sun.reflect.DelegatingMethodAccessorImpl.invoke(Unknown Source)
	at java.lang.reflect.Method.invoke(Unknown Source)
	at org.testng.internal.MethodInvocationHelper.invokeMethod(MethodInvocationHelper.java:80)
	at org.testng.internal.Invoker.invokeConfigurationMethod(Invoker.java:543)
	at org.testng.internal.Invoker.invokeConfigurations(Invoker.java:212)
	at org.testng.internal.Invoker.invokeMethod(Invoker.java:772)
	at org.testng.internal.Invoker.invokeTestMethod(Invoker.java:883)
	at org.testng.internal.Invoker.invokeTestMethods(Invoker.java:1208)
	at org.testng.internal.TestMethodWorker.invokeTestMethods(TestMethodWorker.java:127)
	at org.testng.internal.TestMethodWorker.run(TestMethodWorker.java:111)
	at org.testng.TestRunner.privateRun(TestRunner.java:758)
	at org.testng.TestRunner.run(TestRunner.java:613)
	at org.testng.SuiteRunner.runTest(SuiteRunner.java:334)
	at org.testng.SuiteRunner.access$000(SuiteRunner.java:37)
	at org.testng.SuiteRunner$SuiteWorker.run(SuiteRunner.java:368)
	at org.testng.internal.thread.ThreadUtil$CountDownLatchedRunnable.run(ThreadUtil.java:165)
	at java.util.concurrent.ThreadPoolExecutor.runWorker(Unknown Source)
	at java.util.concurrent.ThreadPoolExecutor$Worker.run(Unknown Source)
	at java.lang.Thread.run(Unknown Source)
</pre></div></td>
<td>0</td>
<td>com.seleniumtests.test.ClubReg@5fa34e31</td></tr>
</table><p>
<table width='100%' border='1' class='invocation-skipped'>
<tr><td colspan='4' align='center'><b>SKIPPED CONFIGURATIONS</b></td></tr>
<tr><td><b>Test method</b></td>
<td width="30%"><b>Exception</b></td>
<td width="10%"><b>Time (seconds)</b></td>
<td><b>Instance</b></td>
</tr>
<tr>
<td title='com.seleniumtests.test.ClubReg.openBrowser()'><b>openBrowser</b><br>Test class: com.seleniumtests.test.ClubReg</td>
<td></td>
<td>0</td>
<td>com.seleniumtests.test.ClubReg@5fa34e31</td></tr>
<tr>
<td title='com.seleniumtests.test.ClubReg.setEnv()'><b>setEnv</b><br>Test class: com.seleniumtests.test.ClubReg</td>
<td></td>
<td>0</td>
<td>com.seleniumtests.test.ClubReg@5fa34e31</td></tr>
<tr>
<td title='com.seleniumtests.test.ClubReg.openBrowser()'><b>openBrowser</b><br>Test class: com.seleniumtests.test.ClubReg</td>
<td></td>
<td>0</td>
<td>com.seleniumtests.test.ClubReg@5fa34e31</td></tr>
<tr>
<td title='com.seleniumtests.test.ClubReg.setEnv()'><b>setEnv</b><br>Test class: com.seleniumtests.test.ClubReg</td>
<td></td>
<td>0</td>
<td>com.seleniumtests.test.ClubReg@5fa34e31</td></tr>
<tr>
<td title='com.seleniumtests.test.ClubReg.openBrowser()'><b>openBrowser</b><br>Test class: com.seleniumtests.test.ClubReg</td>
<td></td>
<td>0</td>
<td>com.seleniumtests.test.ClubReg@5fa34e31</td></tr>
<tr>
<td title='com.seleniumtests.test.ClubReg.setEnv()'><b>setEnv</b><br>Test class: com.seleniumtests.test.ClubReg</td>
<td></td>
<td>0</td>
<td>com.seleniumtests.test.ClubReg@5fa34e31</td></tr>
<tr>
<td title='com.seleniumtests.test.ClubReg.openBrowser()'><b>openBrowser</b><br>Test class: com.seleniumtests.test.ClubReg</td>
<td></td>
<td>0</td>
<td>com.seleniumtests.test.ClubReg@5fa34e31</td></tr>
<tr>
<td title='com.seleniumtests.test.ClubReg.setEnv()'><b>setEnv</b><br>Test class: com.seleniumtests.test.ClubReg</td>
<td></td>
<td>0</td>
<td>com.seleniumtests.test.ClubReg@5fa34e31</td></tr>
<tr>
<td title='com.seleniumtests.test.ClubReg.openBrowser()'><b>openBrowser</b><br>Test class: com.seleniumtests.test.ClubReg</td>
<td></td>
<td>0</td>
<td>com.seleniumtests.test.ClubReg@5fa34e31</td></tr>
<tr>
<td title='com.seleniumtests.test.ClubReg.setEnv()'><b>setEnv</b><br>Test class: com.seleniumtests.test.ClubReg</td>
<td></td>
<td>0</td>
<td>com.seleniumtests.test.ClubReg@5fa34e31</td></tr>
<tr>
<td title='com.seleniumtests.test.ClubReg.openBrowser()'><b>openBrowser</b><br>Test class: com.seleniumtests.test.ClubReg</td>
<td></td>
<td>0</td>
<td>com.seleniumtests.test.ClubReg@5fa34e31</td></tr>
<tr>
<td title='com.seleniumtests.test.ClubReg.setEnv()'><b>setEnv</b><br>Test class: com.seleniumtests.test.ClubReg</td>
<td></td>
<td>0</td>
<td>com.seleniumtests.test.ClubReg@5fa34e31</td></tr>
<tr>
<td title='com.seleniumtests.test.ClubReg.openBrowser()'><b>openBrowser</b><br>Test class: com.seleniumtests.test.ClubReg</td>
<td></td>
<td>0</td>
<td>com.seleniumtests.test.ClubReg@5fa34e31</td></tr>
<tr>
<td title='com.seleniumtests.test.ClubReg.setEnv()'><b>setEnv</b><br>Test class: com.seleniumtests.test.ClubReg</td>
<td></td>
<td>0</td>
<td>com.seleniumtests.test.ClubReg@5fa34e31</td></tr>
<tr>
<td title='com.seleniumtests.test.ClubReg.openBrowser()'><b>openBrowser</b><br>Test class: com.seleniumtests.test.ClubReg</td>
<td></td>
<td>0</td>
<td>com.seleniumtests.test.ClubReg@5fa34e31</td></tr>
<tr>
<td title='com.seleniumtests.test.ClubReg.setEnv()'><b>setEnv</b><br>Test class: com.seleniumtests.test.ClubReg</td>
<td></td>
<td>0</td>
<td>com.seleniumtests.test.ClubReg@5fa34e31</td></tr>
<tr>
<td title='com.seleniumtests.test.ClubReg.openBrowser()'><b>openBrowser</b><br>Test class: com.seleniumtests.test.ClubReg</td>
<td></td>
<td>0</td>
<td>com.seleniumtests.test.ClubReg@5fa34e31</td></tr>
<tr>
<td title='com.seleniumtests.test.ClubReg.setEnv()'><b>setEnv</b><br>Test class: com.seleniumtests.test.ClubReg</td>
<td></td>
<td>0</td>
<td>com.seleniumtests.test.ClubReg@5fa34e31</td></tr>
<tr>
<td title='com.seleniumtests.test.ClubReg.closeBrowser()'><b>closeBrowser</b><br>Test class: com.seleniumtests.test.ClubReg</td>
<td></td>
<td>0</td>
<td>com.seleniumtests.test.ClubReg@5fa34e31</td></tr>
<tr>
<td title='com.seleniumtests.test.ClubReg.closeBrowser()'><b>closeBrowser</b><br>Test class: com.seleniumtests.test.ClubReg</td>
<td></td>
<td>0</td>
<td>com.seleniumtests.test.ClubReg@5fa34e31</td></tr>
<tr>
<td title='com.seleniumtests.test.ClubReg.closeBrowser()'><b>closeBrowser</b><br>Test class: com.seleniumtests.test.ClubReg</td>
<td></td>
<td>0</td>
<td>com.seleniumtests.test.ClubReg@5fa34e31</td></tr>
<tr>
<td title='com.seleniumtests.test.ClubReg.closeBrowser()'><b>closeBrowser</b><br>Test class: com.seleniumtests.test.ClubReg</td>
<td></td>
<td>0</td>
<td>com.seleniumtests.test.ClubReg@5fa34e31</td></tr>
<tr>
<td title='com.seleniumtests.test.ClubReg.closeBrowser()'><b>closeBrowser</b><br>Test class: com.seleniumtests.test.ClubReg</td>
<td></td>
<td>0</td>
<td>com.seleniumtests.test.ClubReg@5fa34e31</td></tr>
<tr>
<td title='com.seleniumtests.test.ClubReg.closeBrowser()'><b>closeBrowser</b><br>Test class: com.seleniumtests.test.ClubReg</td>
<td></td>
<td>0</td>
<td>com.seleniumtests.test.ClubReg@5fa34e31</td></tr>
<tr>
<td title='com.seleniumtests.test.ClubReg.closeBrowser()'><b>closeBrowser</b><br>Test class: com.seleniumtests.test.ClubReg</td>
<td></td>
<td>0</td>
<td>com.seleniumtests.test.ClubReg@5fa34e31</td></tr>
<tr>
<td title='com.seleniumtests.test.ClubReg.closeBrowser()'><b>closeBrowser</b><br>Test class: com.seleniumtests.test.ClubReg</td>
<td></td>
<td>0</td>
<td>com.seleniumtests.test.ClubReg@5fa34e31</td></tr>
<tr>
<td title='com.seleniumtests.test.ClubReg.closeBrowser()'><b>closeBrowser</b><br>Test class: com.seleniumtests.test.ClubReg</td>
<td></td>
<td>0</td>
<td>com.seleniumtests.test.ClubReg@5fa34e31</td></tr>
</table><p>
<table width='100%' border='1' class='invocation-failed'>
<tr><td colspan='4' align='center'><b>FAILED TESTS</b></td></tr>
<tr><td><b>Test method</b></td>
<td width="30%"><b>Exception</b></td>
<td width="10%"><b>Time (seconds)</b></td>
<td><b>Instance</b></td>
</tr>
<tr>
<td title='com.seleniumtests.test.ClubReg.newClubRegistrationUsingCSVFile()'><b>newClubRegistrationUsingCSVFile</b><br>Test class: com.seleniumtests.test.ClubReg<br>Parameters: com.seleniumtests.dataobject.BBRegistrationDataClub@29495306</td>
<td><div><pre>org.openqa.selenium.NoSuchWindowException: no such window: target window already closed
from unknown error: web view not found
  (Session info: chrome=37.0.2062.120)
  (Driver info: chromedriver=2.10.267521,platform=Windows NT 6.1 x86_64) (WARNING: The server did not provide any stacktrace information)
Command duration or timeout: 3 milliseconds
Build info: version: &apos;2.43.0&apos;, revision: &apos;accb3003b9fb8f7cae30f9669b4c594a065396a6&apos;, time: &apos;2014-09-09 22:22:51&apos;
System info: host: &apos;RJINDAL&apos;, ip: &apos;192.168.207.122&apos;, os.name: &apos;Windows 7&apos;, os.arch: &apos;amd64&apos;, os.version: &apos;6.1&apos;, java.version: &apos;1.7.0_67&apos;
Session ID: 0da2e3da1a66993a98b6789cdf4f1ca7
Driver info: org.openqa.selenium.chrome.ChromeDriver
Capabilities [{platform=XP, acceptSslCerts=true, javascriptEnabled=true, browserName=chrome, chrome={userDataDir=C:\Users\Ravi\AppData\Local\Temp\scoped_dir5580_14767}, rotatable=false, locationContextEnabled=true, version=37.0.2062.120, takesHeapSnapshot=true, cssSelectorsEnabled=true, databaseEnabled=false, handlesAlerts=true, browserConnectionEnabled=false, nativeEvents=true, webStorageEnabled=true, applicationCacheEnabled=false, takesScreenshot=true}]
	at org.openqa.selenium.remote.ErrorHandler.createThrowable(ErrorHandler.java:204)
	at org.openqa.selenium.remote.ErrorHandler.throwIfResponseFailed(ErrorHandler.java:156)
	at org.openqa.selenium.remote.RemoteWebDriver.execute(RemoteWebDriver.java:599)
	at org.openqa.selenium.remote.RemoteWebDriver.findElement(RemoteWebDriver.java:352)
	at org.openqa.selenium.remote.RemoteWebDriver.findElementByLinkText(RemoteWebDriver.java:401)
	at org.openqa.selenium.By$ByLinkText.findElement(By.java:242)
	at org.openqa.selenium.remote.RemoteWebDriver.findElement(RemoteWebDriver.java:344)
	at org.openqa.selenium.support.pagefactory.DefaultElementLocator.findElement(DefaultElementLocator.java:59)
	at org.openqa.selenium.support.pagefactory.internal.LocatingElementHandler.invoke(LocatingElementHandler.java:37)
	at com.sun.proxy.$Proxy11.click(Unknown Source)
	at com.seleniumtests.pageobject.Home.clickNotAMember(Home.java:24)
	at com.seleniumtests.test.ClubReg.newClubRegistrationUsingCSVFile(ClubReg.java:32)
	at java.util.concurrent.ThreadPoolExecutor.runWorker(Unknown Source)
	at java.util.concurrent.ThreadPoolExecutor$Worker.run(Unknown Source)
	at java.lang.Thread.run(Unknown Source)
... Removed 20 stack frames</pre></div><a href='#' onClick='toggleBox("stack-trace1438585100", this, "Click to show all stack frames", "Click to hide stack frames")'>Click to show all stack frames</a>
<div class='stack-trace' id='stack-trace1438585100'><pre>org.openqa.selenium.NoSuchWindowException: no such window: target window already closed
from unknown error: web view not found
  (Session info: chrome=37.0.2062.120)
  (Driver info: chromedriver=2.10.267521,platform=Windows NT 6.1 x86_64) (WARNING: The server did not provide any stacktrace information)
Command duration or timeout: 3 milliseconds
Build info: version: '2.43.0', revision: 'accb3003b9fb8f7cae30f9669b4c594a065396a6', time: '2014-09-09 22:22:51'
System info: host: 'RJINDAL', ip: '192.168.207.122', os.name: 'Windows 7', os.arch: 'amd64', os.version: '6.1', java.version: '1.7.0_67'
Session ID: 0da2e3da1a66993a98b6789cdf4f1ca7
Driver info: org.openqa.selenium.chrome.ChromeDriver
Capabilities [{platform=XP, acceptSslCerts=true, javascriptEnabled=true, browserName=chrome, chrome={userDataDir=C:\Users\Ravi\AppData\Local\Temp\scoped_dir5580_14767}, rotatable=false, locationContextEnabled=true, version=37.0.2062.120, takesHeapSnapshot=true, cssSelectorsEnabled=true, databaseEnabled=false, handlesAlerts=true, browserConnectionEnabled=false, nativeEvents=true, webStorageEnabled=true, applicationCacheEnabled=false, takesScreenshot=true}]
	at sun.reflect.NativeConstructorAccessorImpl.newInstance0(Native Method)
	at sun.reflect.NativeConstructorAccessorImpl.newInstance(Unknown Source)
	at sun.reflect.DelegatingConstructorAccessorImpl.newInstance(Unknown Source)
	at java.lang.reflect.Constructor.newInstance(Unknown Source)
	at org.openqa.selenium.remote.ErrorHandler.createThrowable(ErrorHandler.java:204)
	at org.openqa.selenium.remote.ErrorHandler.throwIfResponseFailed(ErrorHandler.java:156)
	at org.openqa.selenium.remote.RemoteWebDriver.execute(RemoteWebDriver.java:599)
	at org.openqa.selenium.remote.RemoteWebDriver.findElement(RemoteWebDriver.java:352)
	at org.openqa.selenium.remote.RemoteWebDriver.findElementByLinkText(RemoteWebDriver.java:401)
	at org.openqa.selenium.By$ByLinkText.findElement(By.java:242)
	at org.openqa.selenium.remote.RemoteWebDriver.findElement(RemoteWebDriver.java:344)
	at org.openqa.selenium.support.pagefactory.DefaultElementLocator.findElement(DefaultElementLocator.java:59)
	at org.openqa.selenium.support.pagefactory.internal.LocatingElementHandler.invoke(LocatingElementHandler.java:37)
	at com.sun.proxy.$Proxy11.click(Unknown Source)
	at com.seleniumtests.pageobject.Home.clickNotAMember(Home.java:24)
	at com.seleniumtests.test.ClubReg.newClubRegistrationUsingCSVFile(ClubReg.java:32)
	at sun.reflect.NativeMethodAccessorImpl.invoke0(Native Method)
	at sun.reflect.NativeMethodAccessorImpl.invoke(Unknown Source)
	at sun.reflect.DelegatingMethodAccessorImpl.invoke(Unknown Source)
	at java.lang.reflect.Method.invoke(Unknown Source)
	at org.testng.internal.MethodInvocationHelper.invokeMethod(MethodInvocationHelper.java:80)
	at org.testng.internal.Invoker.invokeMethod(Invoker.java:691)
	at org.testng.internal.Invoker.invokeTestMethod(Invoker.java:883)
	at org.testng.internal.Invoker.invokeTestMethods(Invoker.java:1208)
	at org.testng.internal.TestMethodWorker.invokeTestMethods(TestMethodWorker.java:127)
	at org.testng.internal.TestMethodWorker.run(TestMethodWorker.java:111)
	at org.testng.TestRunner.privateRun(TestRunner.java:758)
	at org.testng.TestRunner.run(TestRunner.java:613)
	at org.testng.SuiteRunner.runTest(SuiteRunner.java:334)
	at org.testng.SuiteRunner.access$000(SuiteRunner.java:37)
	at org.testng.SuiteRunner$SuiteWorker.run(SuiteRunner.java:368)
	at org.testng.internal.thread.ThreadUtil$CountDownLatchedRunnable.run(ThreadUtil.java:165)
	at java.util.concurrent.ThreadPoolExecutor.runWorker(Unknown Source)
	at java.util.concurrent.ThreadPoolExecutor$Worker.run(Unknown Source)
	at java.lang.Thread.run(Unknown Source)
</pre></div></td>
<td>5</td>
<td>com.seleniumtests.test.ClubReg@5fa34e31</td></tr>
</table><p>
<table width='100%' border='1' class='invocation-skipped'>
<tr><td colspan='4' align='center'><b>SKIPPED TESTS</b></td></tr>
<tr><td><b>Test method</b></td>
<td width="30%"><b>Exception</b></td>
<td width="10%"><b>Time (seconds)</b></td>
<td><b>Instance</b></td>
</tr>
<tr>
<td title='com.seleniumtests.test.ClubReg.DuplicateClubRegistrationUsingCSVFile()'><b>DuplicateClubRegistrationUsingCSVFile</b><br>Test class: com.seleniumtests.test.ClubReg<br>Parameters: com.seleniumtests.dataobject.BBRegistrationDataClub@4748c8a0</td>
<td></td>
<td>0</td>
<td>com.seleniumtests.test.ClubReg@5fa34e31</td></tr>
<tr>
<td title='com.seleniumtests.test.ClubReg.DuplicateClubRegistrationUsingCSVFile()'><b>DuplicateClubRegistrationUsingCSVFile</b><br>Test class: com.seleniumtests.test.ClubReg<br>Parameters: com.seleniumtests.dataobject.BBRegistrationDataClub@7b6ba4ef</td>
<td></td>
<td>0</td>
<td>com.seleniumtests.test.ClubReg@5fa34e31</td></tr>
<tr>
<td title='com.seleniumtests.test.ClubReg.DuplicateClubRegistrationUsingCSVFile()'><b>DuplicateClubRegistrationUsingCSVFile</b><br>Test class: com.seleniumtests.test.ClubReg<br>Parameters: com.seleniumtests.dataobject.BBRegistrationDataClub@58198636</td>
<td></td>
<td>0</td>
<td>com.seleniumtests.test.ClubReg@5fa34e31</td></tr>
<tr>
<td title='com.seleniumtests.test.ClubReg.DuplicateClubRegistrationUsingCSVFile()'><b>DuplicateClubRegistrationUsingCSVFile</b><br>Test class: com.seleniumtests.test.ClubReg<br>Parameters: com.seleniumtests.dataobject.BBRegistrationDataClub@73ba7069</td>
<td></td>
<td>0</td>
<td>com.seleniumtests.test.ClubReg@5fa34e31</td></tr>
<tr>
<td title='com.seleniumtests.test.ClubReg.DuplicateClubRegistrationUsingCSVFile()'><b>DuplicateClubRegistrationUsingCSVFile</b><br>Test class: com.seleniumtests.test.ClubReg<br>Parameters: com.seleniumtests.dataobject.BBRegistrationDataClub@552a38da</td>
<td></td>
<td>0</td>
<td>com.seleniumtests.test.ClubReg@5fa34e31</td></tr>
<tr>
<td title='com.seleniumtests.test.ClubReg.newClubRegistrationUsingCSVFile()'><b>newClubRegistrationUsingCSVFile</b><br>Test class: com.seleniumtests.test.ClubReg<br>Parameters: com.seleniumtests.dataobject.BBRegistrationDataClub@46fa9be4</td>
<td></td>
<td>0</td>
<td>com.seleniumtests.test.ClubReg@5fa34e31</td></tr>
<tr>
<td title='com.seleniumtests.test.ClubReg.newClubRegistrationUsingCSVFile()'><b>newClubRegistrationUsingCSVFile</b><br>Test class: com.seleniumtests.test.ClubReg<br>Parameters: com.seleniumtests.dataobject.BBRegistrationDataClub@6f10ba23</td>
<td></td>
<td>0</td>
<td>com.seleniumtests.test.ClubReg@5fa34e31</td></tr>
<tr>
<td title='com.seleniumtests.test.ClubReg.newClubRegistrationUsingCSVFile()'><b>newClubRegistrationUsingCSVFile</b><br>Test class: com.seleniumtests.test.ClubReg<br>Parameters: com.seleniumtests.dataobject.BBRegistrationDataClub@332c88cc</td>
<td></td>
<td>0</td>
<td>com.seleniumtests.test.ClubReg@5fa34e31</td></tr>
<tr>
<td title='com.seleniumtests.test.ClubReg.newClubRegistrationUsingCSVFile()'><b>newClubRegistrationUsingCSVFile</b><br>Test class: com.seleniumtests.test.ClubReg<br>Parameters: com.seleniumtests.dataobject.BBRegistrationDataClub@30c92353</td>
<td></td>
<td>0</td>
<td>com.seleniumtests.test.ClubReg@5fa34e31</td></tr>
</table><p>
</body>
</html>