<?xml version="1.0" encoding="UTF-8"?>
<!-- Generated by org.testng.reporters.JUnitXMLReporter -->
<testsuite hostname="RJINDAL" name="Test in FF" tests="10" failures="10" timestamp="5 Oct 2014 07:36:07 GMT" time="506.464" errors="0">
  <testcase name="@AfterMethod closeBrowser" time="0.0" classname="com.seleniumtests.test.ClubReg">
    <failure type="org.apache.commons.io.FileExistsException" message="Destination &amp;apos;C:\D\MySelWorkspaceBackups\seleniumtestsbb\screenshots\DuplicateClubRegistrationUsingCSVFile10-05-2014_13-07.png&amp;apos; already exists">
      <![CDATA[org.apache.commons.io.FileExistsException: Destination 'C:\D\MySelWorkspaceBackups\seleniumtestsbb\screenshots\DuplicateClubRegistrationUsingCSVFile10-05-2014_13-07.png' already exists
	at org.apache.commons.io.FileUtils.moveFile(FileUtils.java:2825)
	at com.seleniumtests.core.DriverFactory.closeBrowser(DriverFactory.java:100)
	at java.util.concurrent.ThreadPoolExecutor.runWorker(ThreadPoolExecutor.java:1145)
	at java.util.concurrent.ThreadPoolExecutor$Worker.run(ThreadPoolExecutor.java:615)
	at java.lang.Thread.run(Thread.java:745)
... Removed 18 stack frames]]>
    </failure>
  </testcase>
  <testcase name="newClubRegistrationUsingCSVFile" time="42.911" classname="com.seleniumtests.test.ClubReg">
    <failure type="java.lang.AssertionError" message="java.lang.AssertionError: expected:&amp;lt;false&amp;gt; but was:&amp;lt;true&amp;gt;java.lang.AssertionError: expected:&amp;lt;false&amp;gt; but was:&amp;lt;true&amp;gt;java.lang.AssertionError: expected:&amp;lt;true&amp;gt; but was:&amp;lt;false&amp;gt;">
      <![CDATA[java.lang.AssertionError: java.lang.AssertionError: expected:<false> but was:<true>java.lang.AssertionError: expected:<false> but was:<true>java.lang.AssertionError: expected:<true> but was:<false>
	at com.thoughtworks.selenium.SeleneseTestBase.fail(SeleneseTestBase.java:391)
	at com.seleniumtests.core.CustomVerification.checkForVerificationErrors(CustomVerification.java:102)
	at com.seleniumtests.test.ClubReg.newClubRegistrationUsingCSVFile(ClubReg.java:61)
	at java.util.concurrent.ThreadPoolExecutor.runWorker(ThreadPoolExecutor.java:1145)
	at java.util.concurrent.ThreadPoolExecutor$Worker.run(ThreadPoolExecutor.java:615)
	at java.lang.Thread.run(Thread.java:745)
... Removed 16 stack frames]]>
    </failure>
  </testcase>
  <testcase name="newClubRegistrationUsingCSVFile" time="39.645" classname="com.seleniumtests.test.ClubReg">
    <failure type="java.lang.AssertionError" message="java.lang.AssertionError: expected:&amp;lt;false&amp;gt; but was:&amp;lt;true&amp;gt;java.lang.AssertionError: expected:&amp;lt;false&amp;gt; but was:&amp;lt;true&amp;gt;java.lang.AssertionError: expected:&amp;lt;true&amp;gt; but was:&amp;lt;false&amp;gt;">
      <![CDATA[java.lang.AssertionError: java.lang.AssertionError: expected:<false> but was:<true>java.lang.AssertionError: expected:<false> but was:<true>java.lang.AssertionError: expected:<true> but was:<false>
	at com.thoughtworks.selenium.SeleneseTestBase.fail(SeleneseTestBase.java:391)
	at com.seleniumtests.core.CustomVerification.checkForVerificationErrors(CustomVerification.java:102)
	at com.seleniumtests.test.ClubReg.newClubRegistrationUsingCSVFile(ClubReg.java:61)
	at java.util.concurrent.ThreadPoolExecutor.runWorker(ThreadPoolExecutor.java:1145)
	at java.util.concurrent.ThreadPoolExecutor$Worker.run(ThreadPoolExecutor.java:615)
	at java.lang.Thread.run(Thread.java:745)
... Removed 16 stack frames]]>
    </failure>
  </testcase>
  <testcase name="newClubRegistrationUsingCSVFile" time="40.842" classname="com.seleniumtests.test.ClubReg">
    <failure type="java.lang.AssertionError" message="java.lang.AssertionError: expected:&amp;lt;false&amp;gt; but was:&amp;lt;true&amp;gt;java.lang.AssertionError: expected:&amp;lt;true&amp;gt; but was:&amp;lt;false&amp;gt;">
      <![CDATA[java.lang.AssertionError: java.lang.AssertionError: expected:<false> but was:<true>java.lang.AssertionError: expected:<true> but was:<false>
	at com.thoughtworks.selenium.SeleneseTestBase.fail(SeleneseTestBase.java:391)
	at com.seleniumtests.core.CustomVerification.checkForVerificationErrors(CustomVerification.java:102)
	at com.seleniumtests.test.ClubReg.newClubRegistrationUsingCSVFile(ClubReg.java:61)
	at java.util.concurrent.ThreadPoolExecutor.runWorker(ThreadPoolExecutor.java:1145)
	at java.util.concurrent.ThreadPoolExecutor$Worker.run(ThreadPoolExecutor.java:615)
	at java.lang.Thread.run(Thread.java:745)
... Removed 16 stack frames]]>
    </failure>
  </testcase>
  <testcase name="newClubRegistrationUsingCSVFile" time="42.752" classname="com.seleniumtests.test.ClubReg">
    <failure type="java.lang.AssertionError" message="java.lang.AssertionError: expected:&amp;lt;false&amp;gt; but was:&amp;lt;true&amp;gt;java.lang.AssertionError: expected:&amp;lt;true&amp;gt; but was:&amp;lt;false&amp;gt;">
      <![CDATA[java.lang.AssertionError: java.lang.AssertionError: expected:<false> but was:<true>java.lang.AssertionError: expected:<true> but was:<false>
	at com.thoughtworks.selenium.SeleneseTestBase.fail(SeleneseTestBase.java:391)
	at com.seleniumtests.core.CustomVerification.checkForVerificationErrors(CustomVerification.java:102)
	at com.seleniumtests.test.ClubReg.newClubRegistrationUsingCSVFile(ClubReg.java:61)
	at java.util.concurrent.ThreadPoolExecutor.runWorker(ThreadPoolExecutor.java:1145)
	at java.util.concurrent.ThreadPoolExecutor$Worker.run(ThreadPoolExecutor.java:615)
	at java.lang.Thread.run(Thread.java:745)
... Removed 16 stack frames]]>
    </failure>
  </testcase>
  <testcase name="newClubRegistrationUsingCSVFile" time="50.461" classname="com.seleniumtests.test.ClubReg">
    <failure type="java.lang.AssertionError" message="java.lang.AssertionError: expected:&amp;lt;false&amp;gt; but was:&amp;lt;true&amp;gt;java.lang.AssertionError: expected:&amp;lt;true&amp;gt; but was:&amp;lt;false&amp;gt;">
      <![CDATA[java.lang.AssertionError: java.lang.AssertionError: expected:<false> but was:<true>java.lang.AssertionError: expected:<true> but was:<false>
	at com.thoughtworks.selenium.SeleneseTestBase.fail(SeleneseTestBase.java:391)
	at com.seleniumtests.core.CustomVerification.checkForVerificationErrors(CustomVerification.java:102)
	at com.seleniumtests.test.ClubReg.newClubRegistrationUsingCSVFile(ClubReg.java:61)
	at java.util.concurrent.ThreadPoolExecutor.runWorker(ThreadPoolExecutor.java:1145)
	at java.util.concurrent.ThreadPoolExecutor$Worker.run(ThreadPoolExecutor.java:615)
	at java.lang.Thread.run(Thread.java:745)
... Removed 16 stack frames]]>
    </failure>
  </testcase>
  <testcase name="DuplicateClubRegistrationUsingCSVFile" time="45.491" classname="com.seleniumtests.test.ClubReg">
    <failure type="java.lang.AssertionError" message="java.lang.AssertionError: expected:&amp;lt;true&amp;gt; but was:&amp;lt;false&amp;gt;java.lang.AssertionError: expected:&amp;lt;false&amp;gt; but was:&amp;lt;true&amp;gt;java.lang.AssertionError: expected:&amp;lt;false&amp;gt; but was:&amp;lt;true&amp;gt;">
      <![CDATA[java.lang.AssertionError: java.lang.AssertionError: expected:<true> but was:<false>java.lang.AssertionError: expected:<false> but was:<true>java.lang.AssertionError: expected:<false> but was:<true>
	at com.thoughtworks.selenium.SeleneseTestBase.fail(SeleneseTestBase.java:391)
	at com.seleniumtests.core.CustomVerification.checkForVerificationErrors(CustomVerification.java:102)
	at com.seleniumtests.test.ClubReg.DuplicateClubRegistrationUsingCSVFile(ClubReg.java:99)
	at java.util.concurrent.ThreadPoolExecutor.runWorker(ThreadPoolExecutor.java:1145)
	at java.util.concurrent.ThreadPoolExecutor$Worker.run(ThreadPoolExecutor.java:615)
	at java.lang.Thread.run(Thread.java:745)
... Removed 16 stack frames]]>
    </failure>
  </testcase>
  <testcase name="DuplicateClubRegistrationUsingCSVFile" time="38.908" classname="com.seleniumtests.test.ClubReg">
    <failure type="java.lang.AssertionError" message="java.lang.AssertionError: expected:&amp;lt;true&amp;gt; but was:&amp;lt;false&amp;gt;java.lang.AssertionError: expected:&amp;lt;false&amp;gt; but was:&amp;lt;true&amp;gt;java.lang.AssertionError: expected:&amp;lt;false&amp;gt; but was:&amp;lt;true&amp;gt;">
      <![CDATA[java.lang.AssertionError: java.lang.AssertionError: expected:<true> but was:<false>java.lang.AssertionError: expected:<false> but was:<true>java.lang.AssertionError: expected:<false> but was:<true>
	at com.thoughtworks.selenium.SeleneseTestBase.fail(SeleneseTestBase.java:391)
	at com.seleniumtests.core.CustomVerification.checkForVerificationErrors(CustomVerification.java:102)
	at com.seleniumtests.test.ClubReg.DuplicateClubRegistrationUsingCSVFile(ClubReg.java:99)
	at java.util.concurrent.ThreadPoolExecutor.runWorker(ThreadPoolExecutor.java:1145)
	at java.util.concurrent.ThreadPoolExecutor$Worker.run(ThreadPoolExecutor.java:615)
	at java.lang.Thread.run(Thread.java:745)
... Removed 16 stack frames]]>
    </failure>
  </testcase>
  <testcase name="DuplicateClubRegistrationUsingCSVFile" time="37.939" classname="com.seleniumtests.test.ClubReg">
    <failure type="java.lang.AssertionError" message="java.lang.AssertionError: expected:&amp;lt;true&amp;gt; but was:&amp;lt;false&amp;gt;java.lang.AssertionError: expected:&amp;lt;false&amp;gt; but was:&amp;lt;true&amp;gt;">
      <![CDATA[java.lang.AssertionError: java.lang.AssertionError: expected:<true> but was:<false>java.lang.AssertionError: expected:<false> but was:<true>
	at com.thoughtworks.selenium.SeleneseTestBase.fail(SeleneseTestBase.java:391)
	at com.seleniumtests.core.CustomVerification.checkForVerificationErrors(CustomVerification.java:102)
	at com.seleniumtests.test.ClubReg.DuplicateClubRegistrationUsingCSVFile(ClubReg.java:99)
	at java.util.concurrent.ThreadPoolExecutor.runWorker(ThreadPoolExecutor.java:1145)
	at java.util.concurrent.ThreadPoolExecutor$Worker.run(ThreadPoolExecutor.java:615)
	at java.lang.Thread.run(Thread.java:745)
... Removed 16 stack frames]]>
    </failure>
  </testcase>
  <testcase name="DuplicateClubRegistrationUsingCSVFile" time="39.672" classname="com.seleniumtests.test.ClubReg">
    <failure type="java.lang.AssertionError" message="java.lang.AssertionError: expected:&amp;lt;true&amp;gt; but was:&amp;lt;false&amp;gt;java.lang.AssertionError: expected:&amp;lt;false&amp;gt; but was:&amp;lt;true&amp;gt;">
      <![CDATA[java.lang.AssertionError: java.lang.AssertionError: expected:<true> but was:<false>java.lang.AssertionError: expected:<false> but was:<true>
	at com.thoughtworks.selenium.SeleneseTestBase.fail(SeleneseTestBase.java:391)
	at com.seleniumtests.core.CustomVerification.checkForVerificationErrors(CustomVerification.java:102)
	at com.seleniumtests.test.ClubReg.DuplicateClubRegistrationUsingCSVFile(ClubReg.java:99)
	at java.util.concurrent.ThreadPoolExecutor.runWorker(ThreadPoolExecutor.java:1145)
	at java.util.concurrent.ThreadPoolExecutor$Worker.run(ThreadPoolExecutor.java:615)
	at java.lang.Thread.run(Thread.java:745)
... Removed 16 stack frames]]>
    </failure>
  </testcase>
  <testcase name="DuplicateClubRegistrationUsingCSVFile" time="53.034" classname="com.seleniumtests.test.ClubReg">
    <failure type="java.lang.AssertionError" message="java.lang.AssertionError: expected:&amp;lt;true&amp;gt; but was:&amp;lt;false&amp;gt;java.lang.AssertionError: expected:&amp;lt;false&amp;gt; but was:&amp;lt;true&amp;gt;">
      <![CDATA[java.lang.AssertionError: java.lang.AssertionError: expected:<true> but was:<false>java.lang.AssertionError: expected:<false> but was:<true>
	at com.thoughtworks.selenium.SeleneseTestBase.fail(SeleneseTestBase.java:391)
	at com.seleniumtests.core.CustomVerification.checkForVerificationErrors(CustomVerification.java:102)
	at com.seleniumtests.test.ClubReg.DuplicateClubRegistrationUsingCSVFile(ClubReg.java:99)
	at java.util.concurrent.ThreadPoolExecutor.runWorker(ThreadPoolExecutor.java:1145)
	at java.util.concurrent.ThreadPoolExecutor$Worker.run(ThreadPoolExecutor.java:615)
	at java.lang.Thread.run(Thread.java:745)
... Removed 16 stack frames]]>
    </failure>
  </testcase>
</testsuite>
